The system is: Linux - 3.10.0-1160.el7.x86_64 - x86_64
Compiling the C compiler identification source file "CMakeCCompilerId.c" succeeded.
Compiler: /cvmfs/juno.ihep.ac.cn/centos7_amd64_gcc830/contrib/gcc/8.3.0/bin/gcc 
Build flags: 
Id flags:  

The output was:
0


Compilation of the C compiler identification source "CMakeCCompilerId.c" produced "a.out"

The C compiler identification is GNU, found in "/home/ihep/LS_Sim/build/CMakeFiles/3.22.1/CompilerIdC/a.out"

Compiling the CXX compiler identification source file "CMakeCXXCompilerId.cpp" succeeded.
Compiler: /cvmfs/juno.ihep.ac.cn/centos7_amd64_gcc830/contrib/gcc/8.3.0/bin/g++ 
Build flags: 
Id flags:  

The output was:
0


Compilation of the CXX compiler identification source "CMakeCXXCompilerId.cpp" produced "a.out"

The CXX compiler identification is GNU, found in "/home/ihep/LS_Sim/build/CMakeFiles/3.22.1/CompilerIdCXX/a.out"

Detecting C compiler ABI info compiled with the following output:
Change Dir: /home/ihep/LS_Sim/build/CMakeFiles/CMakeTmp

Run Build Command(s):/usr/bin/gmake -f Makefile cmTC_18663/fast && /usr/bin/gmake  -f CMakeFiles/cmTC_18663.dir/build.make CMakeFiles/cmTC_18663.dir/build
gmake[1]: Entering directory `/home/ihep/LS_Sim/build/CMakeFiles/CMakeTmp'
Building C object CMakeFiles/cmTC_18663.dir/CMakeCCompilerABI.c.o
/cvmfs/juno.ihep.ac.cn/centos7_amd64_gcc830/contrib/gcc/8.3.0/bin/gcc   -v -o CMakeFiles/cmTC_18663.dir/CMakeCCompilerABI.c.o -c /cvmfs/juno.ihep.ac.cn/centos7_amd64_gcc830/Pre-Release/J22.1.x/ExternalLibs/Cmake/3.22.1/share/cmake-3.22/Modules/CMakeCCompilerABI.c
Using built-in specs.
COLLECT_GCC=/cvmfs/juno.ihep.ac.cn/centos7_amd64_gcc830/contrib/gcc/8.3.0/bin/gcc
Target: x86_64-pc-linux-gnu
Configured with: /cvmfs/juno.ihep.ac.cn/centos7_amd64_gcc830/contrib/gcc/8.3.0/download/gcc-8.3.0/configure --prefix=/cvmfs/juno.ihep.ac.cn/centos7_amd64_gcc830/contrib/gcc/8.3.0 --enable-language=c,c++,fortran --disable-multilib
Thread model: posix
gcc version 8.3.0 (GCC) 
COLLECT_GCC_OPTIONS='-v' '-o' 'CMakeFiles/cmTC_18663.dir/CMakeCCompilerABI.c.o' '-c' '-mtune=generic' '-march=x86-64'
 /cvmfs/juno.ihep.ac.cn/centos7_amd64_gcc830/contrib/gcc/8.3.0/libexec/gcc/x86_64-pc-linux-gnu/8.3.0/cc1 -quiet -v /cvmfs/juno.ihep.ac.cn/centos7_amd64_gcc830/Pre-Release/J22.1.x/ExternalLibs/Cmake/3.22.1/share/cmake-3.22/Modules/CMakeCCompilerABI.c -quiet -dumpbase CMakeCCompilerABI.c -mtune=generic -march=x86-64 -auxbase-strip CMakeFiles/cmTC_18663.dir/CMakeCCompilerABI.c.o -version -o /tmp/ihep/opticks/ccJFZKsB.s
GNU C17 (GCC) version 8.3.0 (x86_64-pc-linux-gnu)
	compiled by GNU C version 8.3.0, GMP version 6.1.0, MPFR version 3.1.4, MPC version 1.0.3, isl version isl-0.18-GMP

GGC heuristics: --param ggc-min-expand=100 --param ggc-min-heapsize=131072
ignoring nonexistent directory "/cvmfs/juno.ihep.ac.cn/centos7_amd64_gcc830/contrib/gcc/8.3.0/lib/gcc/x86_64-pc-linux-gnu/8.3.0/../../../../x86_64-pc-linux-gnu/include"
ignoring nonexistent directory "/home/ihep/juno-cmake-version/JUNOSOFT/ExternalLibs/python-yaml/5.4.1.1/include"
ignoring nonexistent directory "/home/ihep/juno-cmake-version/JUNOSOFT/ExternalLibs/talys/1.95/include"
ignoring nonexistent directory "/home/ihep/juno-cmake-version/JUNOSOFT/ExternalLibs/CMT/v1r26/include"
ignoring nonexistent directory "/home/ihep/juno-cmake-version/JUNOSOFT/ExternalLibs/Cmake/3.22.1/include"
ignoring nonexistent directory "/home/ihep/juno-cmake-version/JUNOSOFT/ExternalLibs/python-numpy/1.21.4/include"
ignoring nonexistent directory "/home/ihep/juno-cmake-version/JUNOSOFT/ExternalLibs/python-cython/0.29.24/include"
ignoring nonexistent directory "/home/ihep/juno-cmake-version/JUNOSOFT/ExternalLibs/python-pip/21.2.4/include"
ignoring nonexistent directory "/home/ihep/juno-cmake-version/JUNOSOFT/ExternalLibs/python-setuptools/58.0.4/include"
ignoring duplicate directory "/home/ihep/juno-cmake-version/JUNOSOFT/ExternalLibs/frontier/2.9.1/include"
ignoring duplicate directory "/home/ihep/juno-cmake-version/JUNOSOFT/ExternalLibs/pacparser/1.3.7/include"
ignoring nonexistent directory "/home/ihep/juno-cmake-version/JUNOSOFT/ExternalLibs/python-yaml/5.4.1.1/include"
ignoring duplicate directory "/home/ihep/juno-cmake-version/JUNOSOFT/ExternalLibs/libyaml/0.2.4/include"
ignoring duplicate directory "/home/ihep/juno-cmake-version/JUNOSOFT/ExternalLibs/mysql-connector-cpp/1.1.12/include"
ignoring duplicate directory "/home/ihep/juno-cmake-version/JUNOSOFT/ExternalLibs/mysql-connector-c/6.1.9/include"
ignoring duplicate directory "/home/ihep/juno-cmake-version/JUNOSOFT/ExternalLibs/libmore/0.8.3/include"
ignoring nonexistent directory "/home/ihep/juno-cmake-version/JUNOSOFT/ExternalLibs/talys/1.95/include"
ignoring duplicate directory "/home/ihep/juno-cmake-version/JUNOSOFT/ExternalLibs/nuwro/19.02.2/include"
ignoring duplicate directory "/home/ihep/juno-cmake-version/JUNOSOFT/ExternalLibs/genie/3.00.06/include/GENIE"
ignoring duplicate directory "/home/ihep/juno-cmake-version/JUNOSOFT/ExternalLibs/genie/3.00.06/include"
ignoring duplicate directory "/home/ihep/juno-cmake-version/JUNOSOFT/ExternalLibs/Geant4/10.04.p02.juno/include"
ignoring duplicate directory "/home/ihep/juno-cmake-version/JUNOSOFT/ExternalLibs/HepMC/2.06.09/include"
ignoring duplicate directory "/home/ihep/juno-cmake-version/JUNOSOFT/ExternalLibs/ROOT/6.24.06/include"
ignoring duplicate directory "/home/ihep/juno-cmake-version/JUNOSOFT/ExternalLibs/xrootd/5.3.4/include"
ignoring duplicate directory "/home/ihep/juno-cmake-version/JUNOSOFT/ExternalLibs/CLHEP/2.4.1.0/include"
ignoring nonexistent directory "/home/ihep/juno-cmake-version/JUNOSOFT/ExternalLibs/CMT/v1r26/include"
ignoring duplicate directory "/home/ihep/juno-cmake-version/JUNOSOFT/ExternalLibs/tbb/2020.3/include"
ignoring duplicate directory "/home/ihep/juno-cmake-version/JUNOSOFT/ExternalLibs/pythia6/6.4.28/include"
ignoring duplicate directory "/home/ihep/juno-cmake-version/JUNOSOFT/ExternalLibs/LHAPDF/6.3.0/include"
ignoring duplicate directory "/home/ihep/juno-cmake-version/JUNOSOFT/ExternalLibs/libxml2/2.9.12/include"
ignoring duplicate directory "/home/ihep/juno-cmake-version/JUNOSOFT/ExternalLibs/log4cpp/1.1.3/include"
ignoring duplicate directory "/home/ihep/juno-cmake-version/JUNOSOFT/ExternalLibs/sqlite3/3.35.5/include"
ignoring duplicate directory "/home/ihep/juno-cmake-version/JUNOSOFT/ExternalLibs/fftw3/3.3.8/include"
ignoring duplicate directory "/home/ihep/juno-cmake-version/JUNOSOFT/ExternalLibs/gsl/2.5/include"
ignoring duplicate directory "/home/ihep/juno-cmake-version/JUNOSOFT/ExternalLibs/Xercesc/3.2.2/include"
ignoring nonexistent directory "/home/ihep/juno-cmake-version/JUNOSOFT/ExternalLibs/Cmake/3.22.1/include"
ignoring duplicate directory "/home/ihep/juno-cmake-version/JUNOSOFT/ExternalLibs/Boost/1.78.0/include"
ignoring nonexistent directory "/home/ihep/juno-cmake-version/JUNOSOFT/ExternalLibs/python-numpy/1.21.4/include"
ignoring nonexistent directory "/home/ihep/juno-cmake-version/JUNOSOFT/ExternalLibs/python-cython/0.29.24/include"
ignoring nonexistent directory "/home/ihep/juno-cmake-version/JUNOSOFT/ExternalLibs/python-pip/21.2.4/include"
ignoring nonexistent directory "/home/ihep/juno-cmake-version/JUNOSOFT/ExternalLibs/python-setuptools/58.0.4/include"
ignoring duplicate directory "/home/ihep/juno-cmake-version/JUNOSOFT/ExternalLibs/Python/3.8.12/include"
#include "..." search starts here:
#include <...> search starts here:
 /home/ihep/juno-cmake-version/JUNOSOFT/ExternalLibs/frontier/2.9.1/include
 /home/ihep/juno-cmake-version/JUNOSOFT/ExternalLibs/pacparser/1.3.7/include
 /home/ihep/juno-cmake-version/JUNOSOFT/ExternalLibs/libyaml/0.2.4/include
 /home/ihep/juno-cmake-version/JUNOSOFT/ExternalLibs/mysql-connector-cpp/1.1.12/include
 /home/ihep/juno-cmake-version/JUNOSOFT/ExternalLibs/mysql-connector-c/6.1.9/include
 /home/ihep/juno-cmake-version/JUNOSOFT/ExternalLibs/libmore/0.8.3/include
 /home/ihep/juno-cmake-version/JUNOSOFT/ExternalLibs/nuwro/19.02.2/include
 /home/ihep/juno-cmake-version/JUNOSOFT/ExternalLibs/genie/3.00.06/include/GENIE
 /home/ihep/juno-cmake-version/JUNOSOFT/ExternalLibs/genie/3.00.06/include
 /home/ihep/juno-cmake-version/JUNOSOFT/ExternalLibs/Geant4/10.04.p02.juno/include
 /home/ihep/juno-cmake-version/JUNOSOFT/ExternalLibs/HepMC/2.06.09/include
 /home/ihep/juno-cmake-version/JUNOSOFT/ExternalLibs/ROOT/6.24.06/include
 /home/ihep/juno-cmake-version/JUNOSOFT/ExternalLibs/xrootd/5.3.4/include
 /home/ihep/juno-cmake-version/JUNOSOFT/ExternalLibs/CLHEP/2.4.1.0/include
 /home/ihep/juno-cmake-version/JUNOSOFT/ExternalLibs/tbb/2020.3/include
 /home/ihep/juno-cmake-version/JUNOSOFT/ExternalLibs/pythia6/6.4.28/include
 /home/ihep/juno-cmake-version/JUNOSOFT/ExternalLibs/LHAPDF/6.3.0/include
 /home/ihep/juno-cmake-version/JUNOSOFT/ExternalLibs/libxml2/2.9.12/include
 /home/ihep/juno-cmake-version/JUNOSOFT/ExternalLibs/log4cpp/1.1.3/include
 /home/ihep/juno-cmake-version/JUNOSOFT/ExternalLibs/sqlite3/3.35.5/include
 /home/ihep/juno-cmake-version/JUNOSOFT/ExternalLibs/fftw3/3.3.8/include
 /home/ihep/juno-cmake-version/JUNOSOFT/ExternalLibs/gsl/2.5/include
 /home/ihep/juno-cmake-version/JUNOSOFT/ExternalLibs/Xercesc/3.2.2/include
 /home/ihep/juno-cmake-version/JUNOSOFT/ExternalLibs/Boost/1.78.0/include
 /home/ihep/juno-cmake-version/JUNOSOFT/ExternalLibs/Python/3.8.12/include
 .
 /cvmfs/juno.ihep.ac.cn/centos7_amd64_gcc830/contrib/gcc/8.3.0/lib/gcc/x86_64-pc-linux-gnu/8.3.0/include
 /usr/local/include
 /cvmfs/juno.ihep.ac.cn/centos7_amd64_gcc830/contrib/gcc/8.3.0/include
 /cvmfs/juno.ihep.ac.cn/centos7_amd64_gcc830/contrib/gcc/8.3.0/lib/gcc/x86_64-pc-linux-gnu/8.3.0/include-fixed
 /usr/include
End of search list.
GNU C17 (GCC) version 8.3.0 (x86_64-pc-linux-gnu)
	compiled by GNU C version 8.3.0, GMP version 6.1.0, MPFR version 3.1.4, MPC version 1.0.3, isl version isl-0.18-GMP

GGC heuristics: --param ggc-min-expand=100 --param ggc-min-heapsize=131072
Compiler executable checksum: 56bff176c0215faf4a91f83a86c0ddd5
COLLECT_GCC_OPTIONS='-v' '-o' 'CMakeFiles/cmTC_18663.dir/CMakeCCompilerABI.c.o' '-c' '-mtune=generic' '-march=x86-64'
 as -v --64 -o CMakeFiles/cmTC_18663.dir/CMakeCCompilerABI.c.o /tmp/ihep/opticks/ccJFZKsB.s
GNU assembler version 2.27 (x86_64-redhat-linux) using BFD version version 2.27-44.base.el7
COMPILER_PATH=/cvmfs/juno.ihep.ac.cn/centos7_amd64_gcc830/contrib/gcc/8.3.0/libexec/gcc/x86_64-pc-linux-gnu/8.3.0/:/cvmfs/juno.ihep.ac.cn/centos7_amd64_gcc830/contrib/gcc/8.3.0/libexec/gcc/x86_64-pc-linux-gnu/8.3.0/:/cvmfs/juno.ihep.ac.cn/centos7_amd64_gcc830/contrib/gcc/8.3.0/libexec/gcc/x86_64-pc-linux-gnu/:/cvmfs/juno.ihep.ac.cn/centos7_amd64_gcc830/contrib/gcc/8.3.0/lib/gcc/x86_64-pc-linux-gnu/8.3.0/:/cvmfs/juno.ihep.ac.cn/centos7_amd64_gcc830/contrib/gcc/8.3.0/lib/gcc/x86_64-pc-linux-gnu/
LIBRARY_PATH=/cvmfs/juno.ihep.ac.cn/centos7_amd64_gcc830/contrib/gcc/8.3.0/lib/gcc/x86_64-pc-linux-gnu/8.3.0/:/cvmfs/juno.ihep.ac.cn/centos7_amd64_gcc830/contrib/gcc/8.3.0/lib/gcc/x86_64-pc-linux-gnu/8.3.0/../../../../lib64/:/lib/../lib64/:/usr/lib/../lib64/:/cvmfs/juno.ihep.ac.cn/centos7_amd64_gcc830/contrib/gcc/8.3.0/lib/gcc/x86_64-pc-linux-gnu/8.3.0/../../../:/lib/:/usr/lib/
COLLECT_GCC_OPTIONS='-v' '-o' 'CMakeFiles/cmTC_18663.dir/CMakeCCompilerABI.c.o' '-c' '-mtune=generic' '-march=x86-64'
Linking C executable cmTC_18663
/cvmfs/juno.ihep.ac.cn/centos7_amd64_gcc830/Pre-Release/J22.1.x/ExternalLibs/Cmake/3.22.1/bin/cmake -E cmake_link_script CMakeFiles/cmTC_18663.dir/link.txt --verbose=1
/cvmfs/juno.ihep.ac.cn/centos7_amd64_gcc830/contrib/gcc/8.3.0/bin/gcc  -v -rdynamic CMakeFiles/cmTC_18663.dir/CMakeCCompilerABI.c.o -o cmTC_18663 
Using built-in specs.
COLLECT_GCC=/cvmfs/juno.ihep.ac.cn/centos7_amd64_gcc830/contrib/gcc/8.3.0/bin/gcc
COLLECT_LTO_WRAPPER=/cvmfs/juno.ihep.ac.cn/centos7_amd64_gcc830/contrib/gcc/8.3.0/libexec/gcc/x86_64-pc-linux-gnu/8.3.0/lto-wrapper
Target: x86_64-pc-linux-gnu
Configured with: /cvmfs/juno.ihep.ac.cn/centos7_amd64_gcc830/contrib/gcc/8.3.0/download/gcc-8.3.0/configure --prefix=/cvmfs/juno.ihep.ac.cn/centos7_amd64_gcc830/contrib/gcc/8.3.0 --enable-language=c,c++,fortran --disable-multilib
Thread model: posix
gcc version 8.3.0 (GCC) 
COMPILER_PATH=/cvmfs/juno.ihep.ac.cn/centos7_amd64_gcc830/contrib/gcc/8.3.0/libexec/gcc/x86_64-pc-linux-gnu/8.3.0/:/cvmfs/juno.ihep.ac.cn/centos7_amd64_gcc830/contrib/gcc/8.3.0/libexec/gcc/x86_64-pc-linux-gnu/8.3.0/:/cvmfs/juno.ihep.ac.cn/centos7_amd64_gcc830/contrib/gcc/8.3.0/libexec/gcc/x86_64-pc-linux-gnu/:/cvmfs/juno.ihep.ac.cn/centos7_amd64_gcc830/contrib/gcc/8.3.0/lib/gcc/x86_64-pc-linux-gnu/8.3.0/:/cvmfs/juno.ihep.ac.cn/centos7_amd64_gcc830/contrib/gcc/8.3.0/lib/gcc/x86_64-pc-linux-gnu/
LIBRARY_PATH=/cvmfs/juno.ihep.ac.cn/centos7_amd64_gcc830/contrib/gcc/8.3.0/lib/gcc/x86_64-pc-linux-gnu/8.3.0/:/cvmfs/juno.ihep.ac.cn/centos7_amd64_gcc830/contrib/gcc/8.3.0/lib/gcc/x86_64-pc-linux-gnu/8.3.0/../../../../lib64/:/lib/../lib64/:/usr/lib/../lib64/:/cvmfs/juno.ihep.ac.cn/centos7_amd64_gcc830/contrib/gcc/8.3.0/lib/gcc/x86_64-pc-linux-gnu/8.3.0/../../../:/lib/:/usr/lib/
COLLECT_GCC_OPTIONS='-v' '-rdynamic' '-o' 'cmTC_18663' '-mtune=generic' '-march=x86-64'
 /cvmfs/juno.ihep.ac.cn/centos7_amd64_gcc830/contrib/gcc/8.3.0/libexec/gcc/x86_64-pc-linux-gnu/8.3.0/collect2 -plugin /cvmfs/juno.ihep.ac.cn/centos7_amd64_gcc830/contrib/gcc/8.3.0/libexec/gcc/x86_64-pc-linux-gnu/8.3.0/liblto_plugin.so -plugin-opt=/cvmfs/juno.ihep.ac.cn/centos7_amd64_gcc830/contrib/gcc/8.3.0/libexec/gcc/x86_64-pc-linux-gnu/8.3.0/lto-wrapper -plugin-opt=-fresolution=/tmp/ihep/opticks/ccaXGzoN.res -plugin-opt=-pass-through=-lgcc -plugin-opt=-pass-through=-lgcc_s -plugin-opt=-pass-through=-lc -plugin-opt=-pass-through=-lgcc -plugin-opt=-pass-through=-lgcc_s --eh-frame-hdr -m elf_x86_64 -export-dynamic -dynamic-linker /lib64/ld-linux-x86-64.so.2 -o cmTC_18663 /lib/../lib64/crt1.o /lib/../lib64/crti.o /cvmfs/juno.ihep.ac.cn/centos7_amd64_gcc830/contrib/gcc/8.3.0/lib/gcc/x86_64-pc-linux-gnu/8.3.0/crtbegin.o -L/cvmfs/juno.ihep.ac.cn/centos7_amd64_gcc830/contrib/gcc/8.3.0/lib/gcc/x86_64-pc-linux-gnu/8.3.0 -L/cvmfs/juno.ihep.ac.cn/centos7_amd64_gcc830/contrib/gcc/8.3.0/lib/gcc/x86_64-pc-linux-gnu/8.3.0/../../../../lib64 -L/lib/../lib64 -L/usr/lib/../lib64 -L/cvmfs/juno.ihep.ac.cn/centos7_amd64_gcc830/contrib/gcc/8.3.0/lib/gcc/x86_64-pc-linux-gnu/8.3.0/../../.. CMakeFiles/cmTC_18663.dir/CMakeCCompilerABI.c.o -lgcc --as-needed -lgcc_s --no-as-needed -lc -lgcc --as-needed -lgcc_s --no-as-needed /cvmfs/juno.ihep.ac.cn/centos7_amd64_gcc830/contrib/gcc/8.3.0/lib/gcc/x86_64-pc-linux-gnu/8.3.0/crtend.o /lib/../lib64/crtn.o
COLLECT_GCC_OPTIONS='-v' '-rdynamic' '-o' 'cmTC_18663' '-mtune=generic' '-march=x86-64'
gmake[1]: Leaving directory `/home/ihep/LS_Sim/build/CMakeFiles/CMakeTmp'



Parsed C implicit include dir info from above output: rv=done
  found start of include info
  found start of implicit include info
    add: [/home/ihep/juno-cmake-version/JUNOSOFT/ExternalLibs/frontier/2.9.1/include]
    add: [/home/ihep/juno-cmake-version/JUNOSOFT/ExternalLibs/pacparser/1.3.7/include]
    add: [/home/ihep/juno-cmake-version/JUNOSOFT/ExternalLibs/libyaml/0.2.4/include]
    add: [/home/ihep/juno-cmake-version/JUNOSOFT/ExternalLibs/mysql-connector-cpp/1.1.12/include]
    add: [/home/ihep/juno-cmake-version/JUNOSOFT/ExternalLibs/mysql-connector-c/6.1.9/include]
    add: [/home/ihep/juno-cmake-version/JUNOSOFT/ExternalLibs/libmore/0.8.3/include]
    add: [/home/ihep/juno-cmake-version/JUNOSOFT/ExternalLibs/nuwro/19.02.2/include]
    add: [/home/ihep/juno-cmake-version/JUNOSOFT/ExternalLibs/genie/3.00.06/include/GENIE]
    add: [/home/ihep/juno-cmake-version/JUNOSOFT/ExternalLibs/genie/3.00.06/include]
    add: [/home/ihep/juno-cmake-version/JUNOSOFT/ExternalLibs/Geant4/10.04.p02.juno/include]
    add: [/home/ihep/juno-cmake-version/JUNOSOFT/ExternalLibs/HepMC/2.06.09/include]
    add: [/home/ihep/juno-cmake-version/JUNOSOFT/ExternalLibs/ROOT/6.24.06/include]
    add: [/home/ihep/juno-cmake-version/JUNOSOFT/ExternalLibs/xrootd/5.3.4/include]
    add: [/home/ihep/juno-cmake-version/JUNOSOFT/ExternalLibs/CLHEP/2.4.1.0/include]
    add: [/home/ihep/juno-cmake-version/JUNOSOFT/ExternalLibs/tbb/2020.3/include]
    add: [/home/ihep/juno-cmake-version/JUNOSOFT/ExternalLibs/pythia6/6.4.28/include]
    add: [/home/ihep/juno-cmake-version/JUNOSOFT/ExternalLibs/LHAPDF/6.3.0/include]
    add: [/home/ihep/juno-cmake-version/JUNOSOFT/ExternalLibs/libxml2/2.9.12/include]
    add: [/home/ihep/juno-cmake-version/JUNOSOFT/ExternalLibs/log4cpp/1.1.3/include]
    add: [/home/ihep/juno-cmake-version/JUNOSOFT/ExternalLibs/sqlite3/3.35.5/include]
    add: [/home/ihep/juno-cmake-version/JUNOSOFT/ExternalLibs/fftw3/3.3.8/include]
    add: [/home/ihep/juno-cmake-version/JUNOSOFT/ExternalLibs/gsl/2.5/include]
    add: [/home/ihep/juno-cmake-version/JUNOSOFT/ExternalLibs/Xercesc/3.2.2/include]
    add: [/home/ihep/juno-cmake-version/JUNOSOFT/ExternalLibs/Boost/1.78.0/include]
    add: [/home/ihep/juno-cmake-version/JUNOSOFT/ExternalLibs/Python/3.8.12/include]
    add: [.]
    add: [/cvmfs/juno.ihep.ac.cn/centos7_amd64_gcc830/contrib/gcc/8.3.0/lib/gcc/x86_64-pc-linux-gnu/8.3.0/include]
    add: [/usr/local/include]
    add: [/cvmfs/juno.ihep.ac.cn/centos7_amd64_gcc830/contrib/gcc/8.3.0/include]
    add: [/cvmfs/juno.ihep.ac.cn/centos7_amd64_gcc830/contrib/gcc/8.3.0/lib/gcc/x86_64-pc-linux-gnu/8.3.0/include-fixed]
    add: [/usr/include]
  end of search list found
  collapse include dir [/home/ihep/juno-cmake-version/JUNOSOFT/ExternalLibs/frontier/2.9.1/include] ==> [/home/ihep/juno-cmake-version/JUNOSOFT/ExternalLibs/frontier/2.9.1/include]
  collapse include dir [/home/ihep/juno-cmake-version/JUNOSOFT/ExternalLibs/pacparser/1.3.7/include] ==> [/home/ihep/juno-cmake-version/JUNOSOFT/ExternalLibs/pacparser/1.3.7/include]
  collapse include dir [/home/ihep/juno-cmake-version/JUNOSOFT/ExternalLibs/libyaml/0.2.4/include] ==> [/home/ihep/juno-cmake-version/JUNOSOFT/ExternalLibs/libyaml/0.2.4/include]
  collapse include dir [/home/ihep/juno-cmake-version/JUNOSOFT/ExternalLibs/mysql-connector-cpp/1.1.12/include] ==> [/home/ihep/juno-cmake-version/JUNOSOFT/ExternalLibs/mysql-connector-cpp/1.1.12/include]
  collapse include dir [/home/ihep/juno-cmake-version/JUNOSOFT/ExternalLibs/mysql-connector-c/6.1.9/include] ==> [/home/ihep/juno-cmake-version/JUNOSOFT/ExternalLibs/mysql-connector-c/6.1.9/include]
  collapse include dir [/home/ihep/juno-cmake-version/JUNOSOFT/ExternalLibs/libmore/0.8.3/include] ==> [/home/ihep/juno-cmake-version/JUNOSOFT/ExternalLibs/libmore/0.8.3/include]
  collapse include dir [/home/ihep/juno-cmake-version/JUNOSOFT/ExternalLibs/nuwro/19.02.2/include] ==> [/home/ihep/juno-cmake-version/JUNOSOFT/ExternalLibs/nuwro/19.02.2/include]
  collapse include dir [/home/ihep/juno-cmake-version/JUNOSOFT/ExternalLibs/genie/3.00.06/include/GENIE] ==> [/home/ihep/juno-cmake-version/JUNOSOFT/ExternalLibs/genie/3.00.06/include/GENIE]
  collapse include dir [/home/ihep/juno-cmake-version/JUNOSOFT/ExternalLibs/genie/3.00.06/include] ==> [/home/ihep/juno-cmake-version/JUNOSOFT/ExternalLibs/genie/3.00.06/include]
  collapse include dir [/home/ihep/juno-cmake-version/JUNOSOFT/ExternalLibs/Geant4/10.04.p02.juno/include] ==> [/home/ihep/juno-cmake-version/JUNOSOFT/ExternalLibs/Geant4/10.04.p02.juno/include]
  collapse include dir [/home/ihep/juno-cmake-version/JUNOSOFT/ExternalLibs/HepMC/2.06.09/include] ==> [/home/ihep/juno-cmake-version/JUNOSOFT/ExternalLibs/HepMC/2.06.09/include]
  collapse include dir [/home/ihep/juno-cmake-version/JUNOSOFT/ExternalLibs/ROOT/6.24.06/include] ==> [/home/ihep/juno-cmake-version/JUNOSOFT/ExternalLibs/ROOT/6.24.06/include]
  collapse include dir [/home/ihep/juno-cmake-version/JUNOSOFT/ExternalLibs/xrootd/5.3.4/include] ==> [/home/ihep/juno-cmake-version/JUNOSOFT/ExternalLibs/xrootd/5.3.4/include]
  collapse include dir [/home/ihep/juno-cmake-version/JUNOSOFT/ExternalLibs/CLHEP/2.4.1.0/include] ==> [/home/ihep/juno-cmake-version/JUNOSOFT/ExternalLibs/CLHEP/2.4.1.0/include]
  collapse include dir [/home/ihep/juno-cmake-version/JUNOSOFT/ExternalLibs/tbb/2020.3/include] ==> [/home/ihep/juno-cmake-version/JUNOSOFT/ExternalLibs/tbb/2020.3/include]
  collapse include dir [/home/ihep/juno-cmake-version/JUNOSOFT/ExternalLibs/pythia6/6.4.28/include] ==> [/home/ihep/juno-cmake-version/JUNOSOFT/ExternalLibs/pythia6/6.4.28/include]
  collapse include dir [/home/ihep/juno-cmake-version/JUNOSOFT/ExternalLibs/LHAPDF/6.3.0/include] ==> [/home/ihep/juno-cmake-version/JUNOSOFT/ExternalLibs/LHAPDF/6.3.0/include]
  collapse include dir [/home/ihep/juno-cmake-version/JUNOSOFT/ExternalLibs/libxml2/2.9.12/include] ==> [/home/ihep/juno-cmake-version/JUNOSOFT/ExternalLibs/libxml2/2.9.12/include]
  collapse include dir [/home/ihep/juno-cmake-version/JUNOSOFT/ExternalLibs/log4cpp/1.1.3/include] ==> [/home/ihep/juno-cmake-version/JUNOSOFT/ExternalLibs/log4cpp/1.1.3/include]
  collapse include dir [/home/ihep/juno-cmake-version/JUNOSOFT/ExternalLibs/sqlite3/3.35.5/include] ==> [/home/ihep/juno-cmake-version/JUNOSOFT/ExternalLibs/sqlite3/3.35.5/include]
  collapse include dir [/home/ihep/juno-cmake-version/JUNOSOFT/ExternalLibs/fftw3/3.3.8/include] ==> [/home/ihep/juno-cmake-version/JUNOSOFT/ExternalLibs/fftw3/3.3.8/include]
  collapse include dir [/home/ihep/juno-cmake-version/JUNOSOFT/ExternalLibs/gsl/2.5/include] ==> [/home/ihep/juno-cmake-version/JUNOSOFT/ExternalLibs/gsl/2.5/include]
  collapse include dir [/home/ihep/juno-cmake-version/JUNOSOFT/ExternalLibs/Xercesc/3.2.2/include] ==> [/home/ihep/juno-cmake-version/JUNOSOFT/ExternalLibs/Xercesc/3.2.2/include]
  collapse include dir [/home/ihep/juno-cmake-version/JUNOSOFT/ExternalLibs/Boost/1.78.0/include] ==> [/home/ihep/juno-cmake-version/JUNOSOFT/ExternalLibs/Boost/1.78.0/include]
  collapse include dir [/home/ihep/juno-cmake-version/JUNOSOFT/ExternalLibs/Python/3.8.12/include] ==> [/home/ihep/juno-cmake-version/JUNOSOFT/ExternalLibs/Python/3.8.12/include]
  skipping relative include dir [.]
  collapse include dir [/cvmfs/juno.ihep.ac.cn/centos7_amd64_gcc830/contrib/gcc/8.3.0/lib/gcc/x86_64-pc-linux-gnu/8.3.0/include] ==> [/cvmfs/juno.ihep.ac.cn/centos7_amd64_gcc830/contrib/gcc/8.3.0/lib/gcc/x86_64-pc-linux-gnu/8.3.0/include]
  collapse include dir [/usr/local/include] ==> [/usr/local/include]
  collapse include dir [/cvmfs/juno.ihep.ac.cn/centos7_amd64_gcc830/contrib/gcc/8.3.0/include] ==> [/cvmfs/juno.ihep.ac.cn/centos7_amd64_gcc830/contrib/gcc/8.3.0/include]
  collapse include dir [/cvmfs/juno.ihep.ac.cn/centos7_amd64_gcc830/contrib/gcc/8.3.0/lib/gcc/x86_64-pc-linux-gnu/8.3.0/include-fixed] ==> [/cvmfs/juno.ihep.ac.cn/centos7_amd64_gcc830/contrib/gcc/8.3.0/lib/gcc/x86_64-pc-linux-gnu/8.3.0/include-fixed]
  collapse include dir [/usr/include] ==> [/usr/include]
  implicit include dirs: [/home/ihep/juno-cmake-version/JUNOSOFT/ExternalLibs/frontier/2.9.1/include;/home/ihep/juno-cmake-version/JUNOSOFT/ExternalLibs/pacparser/1.3.7/include;/home/ihep/juno-cmake-version/JUNOSOFT/ExternalLibs/libyaml/0.2.4/include;/home/ihep/juno-cmake-version/JUNOSOFT/ExternalLibs/mysql-connector-cpp/1.1.12/include;/home/ihep/juno-cmake-version/JUNOSOFT/ExternalLibs/mysql-connector-c/6.1.9/include;/home/ihep/juno-cmake-version/JUNOSOFT/ExternalLibs/libmore/0.8.3/include;/home/ihep/juno-cmake-version/JUNOSOFT/ExternalLibs/nuwro/19.02.2/include;/home/ihep/juno-cmake-version/JUNOSOFT/ExternalLibs/genie/3.00.06/include/GENIE;/home/ihep/juno-cmake-version/JUNOSOFT/ExternalLibs/genie/3.00.06/include;/home/ihep/juno-cmake-version/JUNOSOFT/ExternalLibs/Geant4/10.04.p02.juno/include;/home/ihep/juno-cmake-version/JUNOSOFT/ExternalLibs/HepMC/2.06.09/include;/home/ihep/juno-cmake-version/JUNOSOFT/ExternalLibs/ROOT/6.24.06/include;/home/ihep/juno-cmake-version/JUNOSOFT/ExternalLibs/xrootd/5.3.4/include;/home/ihep/juno-cmake-version/JUNOSOFT/ExternalLibs/CLHEP/2.4.1.0/include;/home/ihep/juno-cmake-version/JUNOSOFT/ExternalLibs/tbb/2020.3/include;/home/ihep/juno-cmake-version/JUNOSOFT/ExternalLibs/pythia6/6.4.28/include;/home/ihep/juno-cmake-version/JUNOSOFT/ExternalLibs/LHAPDF/6.3.0/include;/home/ihep/juno-cmake-version/JUNOSOFT/ExternalLibs/libxml2/2.9.12/include;/home/ihep/juno-cmake-version/JUNOSOFT/ExternalLibs/log4cpp/1.1.3/include;/home/ihep/juno-cmake-version/JUNOSOFT/ExternalLibs/sqlite3/3.35.5/include;/home/ihep/juno-cmake-version/JUNOSOFT/ExternalLibs/fftw3/3.3.8/include;/home/ihep/juno-cmake-version/JUNOSOFT/ExternalLibs/gsl/2.5/include;/home/ihep/juno-cmake-version/JUNOSOFT/ExternalLibs/Xercesc/3.2.2/include;/home/ihep/juno-cmake-version/JUNOSOFT/ExternalLibs/Boost/1.78.0/include;/home/ihep/juno-cmake-version/JUNOSOFT/ExternalLibs/Python/3.8.12/include;/cvmfs/juno.ihep.ac.cn/centos7_amd64_gcc830/contrib/gcc/8.3.0/lib/gcc/x86_64-pc-linux-gnu/8.3.0/include;/usr/local/include;/cvmfs/juno.ihep.ac.cn/centos7_amd64_gcc830/contrib/gcc/8.3.0/include;/cvmfs/juno.ihep.ac.cn/centos7_amd64_gcc830/contrib/gcc/8.3.0/lib/gcc/x86_64-pc-linux-gnu/8.3.0/include-fixed;/usr/include]


Parsed C implicit link information from above output:
  link line regex: [^( *|.*[/\])(ld|CMAKE_LINK_STARTFILE-NOTFOUND|([^/\]+-)?ld|collect2)[^/\]*( |$)]
  ignore line: [Change Dir: /home/ihep/LS_Sim/build/CMakeFiles/CMakeTmp]
  ignore line: []
  ignore line: [Run Build Command(s):/usr/bin/gmake -f Makefile cmTC_18663/fast && /usr/bin/gmake  -f CMakeFiles/cmTC_18663.dir/build.make CMakeFiles/cmTC_18663.dir/build]
  ignore line: [gmake[1]: Entering directory `/home/ihep/LS_Sim/build/CMakeFiles/CMakeTmp']
  ignore line: [Building C object CMakeFiles/cmTC_18663.dir/CMakeCCompilerABI.c.o]
  ignore line: [/cvmfs/juno.ihep.ac.cn/centos7_amd64_gcc830/contrib/gcc/8.3.0/bin/gcc   -v -o CMakeFiles/cmTC_18663.dir/CMakeCCompilerABI.c.o -c /cvmfs/juno.ihep.ac.cn/centos7_amd64_gcc830/Pre-Release/J22.1.x/ExternalLibs/Cmake/3.22.1/share/cmake-3.22/Modules/CMakeCCompilerABI.c]
  ignore line: [Using built-in specs.]
  ignore line: [COLLECT_GCC=/cvmfs/juno.ihep.ac.cn/centos7_amd64_gcc830/contrib/gcc/8.3.0/bin/gcc]
  ignore line: [Target: x86_64-pc-linux-gnu]
  ignore line: [Configured with: /cvmfs/juno.ihep.ac.cn/centos7_amd64_gcc830/contrib/gcc/8.3.0/download/gcc-8.3.0/configure --prefix=/cvmfs/juno.ihep.ac.cn/centos7_amd64_gcc830/contrib/gcc/8.3.0 --enable-language=c c++ fortran --disable-multilib]
  ignore line: [Thread model: posix]
  ignore line: [gcc version 8.3.0 (GCC) ]
  ignore line: [COLLECT_GCC_OPTIONS='-v' '-o' 'CMakeFiles/cmTC_18663.dir/CMakeCCompilerABI.c.o' '-c' '-mtune=generic' '-march=x86-64']
  ignore line: [ /cvmfs/juno.ihep.ac.cn/centos7_amd64_gcc830/contrib/gcc/8.3.0/libexec/gcc/x86_64-pc-linux-gnu/8.3.0/cc1 -quiet -v /cvmfs/juno.ihep.ac.cn/centos7_amd64_gcc830/Pre-Release/J22.1.x/ExternalLibs/Cmake/3.22.1/share/cmake-3.22/Modules/CMakeCCompilerABI.c -quiet -dumpbase CMakeCCompilerABI.c -mtune=generic -march=x86-64 -auxbase-strip CMakeFiles/cmTC_18663.dir/CMakeCCompilerABI.c.o -version -o /tmp/ihep/opticks/ccJFZKsB.s]
  ignore line: [GNU C17 (GCC) version 8.3.0 (x86_64-pc-linux-gnu)]
  ignore line: [	compiled by GNU C version 8.3.0  GMP version 6.1.0  MPFR version 3.1.4  MPC version 1.0.3  isl version isl-0.18-GMP]
  ignore line: []
  ignore line: [GGC heuristics: --param ggc-min-expand=100 --param ggc-min-heapsize=131072]
  ignore line: [ignoring nonexistent directory "/cvmfs/juno.ihep.ac.cn/centos7_amd64_gcc830/contrib/gcc/8.3.0/lib/gcc/x86_64-pc-linux-gnu/8.3.0/../../../../x86_64-pc-linux-gnu/include"]
  ignore line: [ignoring nonexistent directory "/home/ihep/juno-cmake-version/JUNOSOFT/ExternalLibs/python-yaml/5.4.1.1/include"]
  ignore line: [ignoring nonexistent directory "/home/ihep/juno-cmake-version/JUNOSOFT/ExternalLibs/talys/1.95/include"]
  ignore line: [ignoring nonexistent directory "/home/ihep/juno-cmake-version/JUNOSOFT/ExternalLibs/CMT/v1r26/include"]
  ignore line: [ignoring nonexistent directory "/home/ihep/juno-cmake-version/JUNOSOFT/ExternalLibs/Cmake/3.22.1/include"]
  ignore line: [ignoring nonexistent directory "/home/ihep/juno-cmake-version/JUNOSOFT/ExternalLibs/python-numpy/1.21.4/include"]
  ignore line: [ignoring nonexistent directory "/home/ihep/juno-cmake-version/JUNOSOFT/ExternalLibs/python-cython/0.29.24/include"]
  ignore line: [ignoring nonexistent directory "/home/ihep/juno-cmake-version/JUNOSOFT/ExternalLibs/python-pip/21.2.4/include"]
  ignore line: [ignoring nonexistent directory "/home/ihep/juno-cmake-version/JUNOSOFT/ExternalLibs/python-setuptools/58.0.4/include"]
  ignore line: [ignoring duplicate directory "/home/ihep/juno-cmake-version/JUNOSOFT/ExternalLibs/frontier/2.9.1/include"]
  ignore line: [ignoring duplicate directory "/home/ihep/juno-cmake-version/JUNOSOFT/ExternalLibs/pacparser/1.3.7/include"]
  ignore line: [ignoring nonexistent directory "/home/ihep/juno-cmake-version/JUNOSOFT/ExternalLibs/python-yaml/5.4.1.1/include"]
  ignore line: [ignoring duplicate directory "/home/ihep/juno-cmake-version/JUNOSOFT/ExternalLibs/libyaml/0.2.4/include"]
  ignore line: [ignoring duplicate directory "/home/ihep/juno-cmake-version/JUNOSOFT/ExternalLibs/mysql-connector-cpp/1.1.12/include"]
  ignore line: [ignoring duplicate directory "/home/ihep/juno-cmake-version/JUNOSOFT/ExternalLibs/mysql-connector-c/6.1.9/include"]
  ignore line: [ignoring duplicate directory "/home/ihep/juno-cmake-version/JUNOSOFT/ExternalLibs/libmore/0.8.3/include"]
  ignore line: [ignoring nonexistent directory "/home/ihep/juno-cmake-version/JUNOSOFT/ExternalLibs/talys/1.95/include"]
  ignore line: [ignoring duplicate directory "/home/ihep/juno-cmake-version/JUNOSOFT/ExternalLibs/nuwro/19.02.2/include"]
  ignore line: [ignoring duplicate directory "/home/ihep/juno-cmake-version/JUNOSOFT/ExternalLibs/genie/3.00.06/include/GENIE"]
  ignore line: [ignoring duplicate directory "/home/ihep/juno-cmake-version/JUNOSOFT/ExternalLibs/genie/3.00.06/include"]
  ignore line: [ignoring duplicate directory "/home/ihep/juno-cmake-version/JUNOSOFT/ExternalLibs/Geant4/10.04.p02.juno/include"]
  ignore line: [ignoring duplicate directory "/home/ihep/juno-cmake-version/JUNOSOFT/ExternalLibs/HepMC/2.06.09/include"]
  ignore line: [ignoring duplicate directory "/home/ihep/juno-cmake-version/JUNOSOFT/ExternalLibs/ROOT/6.24.06/include"]
  ignore line: [ignoring duplicate directory "/home/ihep/juno-cmake-version/JUNOSOFT/ExternalLibs/xrootd/5.3.4/include"]
  ignore line: [ignoring duplicate directory "/home/ihep/juno-cmake-version/JUNOSOFT/ExternalLibs/CLHEP/2.4.1.0/include"]
  ignore line: [ignoring nonexistent directory "/home/ihep/juno-cmake-version/JUNOSOFT/ExternalLibs/CMT/v1r26/include"]
  ignore line: [ignoring duplicate directory "/home/ihep/juno-cmake-version/JUNOSOFT/ExternalLibs/tbb/2020.3/include"]
  ignore line: [ignoring duplicate directory "/home/ihep/juno-cmake-version/JUNOSOFT/ExternalLibs/pythia6/6.4.28/include"]
  ignore line: [ignoring duplicate directory "/home/ihep/juno-cmake-version/JUNOSOFT/ExternalLibs/LHAPDF/6.3.0/include"]
  ignore line: [ignoring duplicate directory "/home/ihep/juno-cmake-version/JUNOSOFT/ExternalLibs/libxml2/2.9.12/include"]
  ignore line: [ignoring duplicate directory "/home/ihep/juno-cmake-version/JUNOSOFT/ExternalLibs/log4cpp/1.1.3/include"]
  ignore line: [ignoring duplicate directory "/home/ihep/juno-cmake-version/JUNOSOFT/ExternalLibs/sqlite3/3.35.5/include"]
  ignore line: [ignoring duplicate directory "/home/ihep/juno-cmake-version/JUNOSOFT/ExternalLibs/fftw3/3.3.8/include"]
  ignore line: [ignoring duplicate directory "/home/ihep/juno-cmake-version/JUNOSOFT/ExternalLibs/gsl/2.5/include"]
  ignore line: [ignoring duplicate directory "/home/ihep/juno-cmake-version/JUNOSOFT/ExternalLibs/Xercesc/3.2.2/include"]
  ignore line: [ignoring nonexistent directory "/home/ihep/juno-cmake-version/JUNOSOFT/ExternalLibs/Cmake/3.22.1/include"]
  ignore line: [ignoring duplicate directory "/home/ihep/juno-cmake-version/JUNOSOFT/ExternalLibs/Boost/1.78.0/include"]
  ignore line: [ignoring nonexistent directory "/home/ihep/juno-cmake-version/JUNOSOFT/ExternalLibs/python-numpy/1.21.4/include"]
  ignore line: [ignoring nonexistent directory "/home/ihep/juno-cmake-version/JUNOSOFT/ExternalLibs/python-cython/0.29.24/include"]
  ignore line: [ignoring nonexistent directory "/home/ihep/juno-cmake-version/JUNOSOFT/ExternalLibs/python-pip/21.2.4/include"]
  ignore line: [ignoring nonexistent directory "/home/ihep/juno-cmake-version/JUNOSOFT/ExternalLibs/python-setuptools/58.0.4/include"]
  ignore line: [ignoring duplicate directory "/home/ihep/juno-cmake-version/JUNOSOFT/ExternalLibs/Python/3.8.12/include"]
  ignore line: [#include "..." search starts here:]
  ignore line: [#include <...> search starts here:]
  ignore line: [ /home/ihep/juno-cmake-version/JUNOSOFT/ExternalLibs/frontier/2.9.1/include]
  ignore line: [ /home/ihep/juno-cmake-version/JUNOSOFT/ExternalLibs/pacparser/1.3.7/include]
  ignore line: [ /home/ihep/juno-cmake-version/JUNOSOFT/ExternalLibs/libyaml/0.2.4/include]
  ignore line: [ /home/ihep/juno-cmake-version/JUNOSOFT/ExternalLibs/mysql-connector-cpp/1.1.12/include]
  ignore line: [ /home/ihep/juno-cmake-version/JUNOSOFT/ExternalLibs/mysql-connector-c/6.1.9/include]
  ignore line: [ /home/ihep/juno-cmake-version/JUNOSOFT/ExternalLibs/libmore/0.8.3/include]
  ignore line: [ /home/ihep/juno-cmake-version/JUNOSOFT/ExternalLibs/nuwro/19.02.2/include]
  ignore line: [ /home/ihep/juno-cmake-version/JUNOSOFT/ExternalLibs/genie/3.00.06/include/GENIE]
  ignore line: [ /home/ihep/juno-cmake-version/JUNOSOFT/ExternalLibs/genie/3.00.06/include]
  ignore line: [ /home/ihep/juno-cmake-version/JUNOSOFT/ExternalLibs/Geant4/10.04.p02.juno/include]
  ignore line: [ /home/ihep/juno-cmake-version/JUNOSOFT/ExternalLibs/HepMC/2.06.09/include]
  ignore line: [ /home/ihep/juno-cmake-version/JUNOSOFT/ExternalLibs/ROOT/6.24.06/include]
  ignore line: [ /home/ihep/juno-cmake-version/JUNOSOFT/ExternalLibs/xrootd/5.3.4/include]
  ignore line: [ /home/ihep/juno-cmake-version/JUNOSOFT/ExternalLibs/CLHEP/2.4.1.0/include]
  ignore line: [ /home/ihep/juno-cmake-version/JUNOSOFT/ExternalLibs/tbb/2020.3/include]
  ignore line: [ /home/ihep/juno-cmake-version/JUNOSOFT/ExternalLibs/pythia6/6.4.28/include]
  ignore line: [ /home/ihep/juno-cmake-version/JUNOSOFT/ExternalLibs/LHAPDF/6.3.0/include]
  ignore line: [ /home/ihep/juno-cmake-version/JUNOSOFT/ExternalLibs/libxml2/2.9.12/include]
  ignore line: [ /home/ihep/juno-cmake-version/JUNOSOFT/ExternalLibs/log4cpp/1.1.3/include]
  ignore line: [ /home/ihep/juno-cmake-version/JUNOSOFT/ExternalLibs/sqlite3/3.35.5/include]
  ignore line: [ /home/ihep/juno-cmake-version/JUNOSOFT/ExternalLibs/fftw3/3.3.8/include]
  ignore line: [ /home/ihep/juno-cmake-version/JUNOSOFT/ExternalLibs/gsl/2.5/include]
  ignore line: [ /home/ihep/juno-cmake-version/JUNOSOFT/ExternalLibs/Xercesc/3.2.2/include]
  ignore line: [ /home/ihep/juno-cmake-version/JUNOSOFT/ExternalLibs/Boost/1.78.0/include]
  ignore line: [ /home/ihep/juno-cmake-version/JUNOSOFT/ExternalLibs/Python/3.8.12/include]
  ignore line: [ .]
  ignore line: [ /cvmfs/juno.ihep.ac.cn/centos7_amd64_gcc830/contrib/gcc/8.3.0/lib/gcc/x86_64-pc-linux-gnu/8.3.0/include]
  ignore line: [ /usr/local/include]
  ignore line: [ /cvmfs/juno.ihep.ac.cn/centos7_amd64_gcc830/contrib/gcc/8.3.0/include]
  ignore line: [ /cvmfs/juno.ihep.ac.cn/centos7_amd64_gcc830/contrib/gcc/8.3.0/lib/gcc/x86_64-pc-linux-gnu/8.3.0/include-fixed]
  ignore line: [ /usr/include]
  ignore line: [End of search list.]
  ignore line: [GNU C17 (GCC) version 8.3.0 (x86_64-pc-linux-gnu)]
  ignore line: [	compiled by GNU C version 8.3.0  GMP version 6.1.0  MPFR version 3.1.4  MPC version 1.0.3  isl version isl-0.18-GMP]
  ignore line: []
  ignore line: [GGC heuristics: --param ggc-min-expand=100 --param ggc-min-heapsize=131072]
  ignore line: [Compiler executable checksum: 56bff176c0215faf4a91f83a86c0ddd5]
  ignore line: [COLLECT_GCC_OPTIONS='-v' '-o' 'CMakeFiles/cmTC_18663.dir/CMakeCCompilerABI.c.o' '-c' '-mtune=generic' '-march=x86-64']
  ignore line: [ as -v --64 -o CMakeFiles/cmTC_18663.dir/CMakeCCompilerABI.c.o /tmp/ihep/opticks/ccJFZKsB.s]
  ignore line: [GNU assembler version 2.27 (x86_64-redhat-linux) using BFD version version 2.27-44.base.el7]
  ignore line: [COMPILER_PATH=/cvmfs/juno.ihep.ac.cn/centos7_amd64_gcc830/contrib/gcc/8.3.0/libexec/gcc/x86_64-pc-linux-gnu/8.3.0/:/cvmfs/juno.ihep.ac.cn/centos7_amd64_gcc830/contrib/gcc/8.3.0/libexec/gcc/x86_64-pc-linux-gnu/8.3.0/:/cvmfs/juno.ihep.ac.cn/centos7_amd64_gcc830/contrib/gcc/8.3.0/libexec/gcc/x86_64-pc-linux-gnu/:/cvmfs/juno.ihep.ac.cn/centos7_amd64_gcc830/contrib/gcc/8.3.0/lib/gcc/x86_64-pc-linux-gnu/8.3.0/:/cvmfs/juno.ihep.ac.cn/centos7_amd64_gcc830/contrib/gcc/8.3.0/lib/gcc/x86_64-pc-linux-gnu/]
  ignore line: [LIBRARY_PATH=/cvmfs/juno.ihep.ac.cn/centos7_amd64_gcc830/contrib/gcc/8.3.0/lib/gcc/x86_64-pc-linux-gnu/8.3.0/:/cvmfs/juno.ihep.ac.cn/centos7_amd64_gcc830/contrib/gcc/8.3.0/lib/gcc/x86_64-pc-linux-gnu/8.3.0/../../../../lib64/:/lib/../lib64/:/usr/lib/../lib64/:/cvmfs/juno.ihep.ac.cn/centos7_amd64_gcc830/contrib/gcc/8.3.0/lib/gcc/x86_64-pc-linux-gnu/8.3.0/../../../:/lib/:/usr/lib/]
  ignore line: [COLLECT_GCC_OPTIONS='-v' '-o' 'CMakeFiles/cmTC_18663.dir/CMakeCCompilerABI.c.o' '-c' '-mtune=generic' '-march=x86-64']
  ignore line: [Linking C executable cmTC_18663]
  ignore line: [/cvmfs/juno.ihep.ac.cn/centos7_amd64_gcc830/Pre-Release/J22.1.x/ExternalLibs/Cmake/3.22.1/bin/cmake -E cmake_link_script CMakeFiles/cmTC_18663.dir/link.txt --verbose=1]
  ignore line: [/cvmfs/juno.ihep.ac.cn/centos7_amd64_gcc830/contrib/gcc/8.3.0/bin/gcc  -v -rdynamic CMakeFiles/cmTC_18663.dir/CMakeCCompilerABI.c.o -o cmTC_18663 ]
  ignore line: [Using built-in specs.]
  ignore line: [COLLECT_GCC=/cvmfs/juno.ihep.ac.cn/centos7_amd64_gcc830/contrib/gcc/8.3.0/bin/gcc]
  ignore line: [COLLECT_LTO_WRAPPER=/cvmfs/juno.ihep.ac.cn/centos7_amd64_gcc830/contrib/gcc/8.3.0/libexec/gcc/x86_64-pc-linux-gnu/8.3.0/lto-wrapper]
  ignore line: [Target: x86_64-pc-linux-gnu]
  ignore line: [Configured with: /cvmfs/juno.ihep.ac.cn/centos7_amd64_gcc830/contrib/gcc/8.3.0/download/gcc-8.3.0/configure --prefix=/cvmfs/juno.ihep.ac.cn/centos7_amd64_gcc830/contrib/gcc/8.3.0 --enable-language=c c++ fortran --disable-multilib]
  ignore line: [Thread model: posix]
  ignore line: [gcc version 8.3.0 (GCC) ]
  ignore line: [COMPILER_PATH=/cvmfs/juno.ihep.ac.cn/centos7_amd64_gcc830/contrib/gcc/8.3.0/libexec/gcc/x86_64-pc-linux-gnu/8.3.0/:/cvmfs/juno.ihep.ac.cn/centos7_amd64_gcc830/contrib/gcc/8.3.0/libexec/gcc/x86_64-pc-linux-gnu/8.3.0/:/cvmfs/juno.ihep.ac.cn/centos7_amd64_gcc830/contrib/gcc/8.3.0/libexec/gcc/x86_64-pc-linux-gnu/:/cvmfs/juno.ihep.ac.cn/centos7_amd64_gcc830/contrib/gcc/8.3.0/lib/gcc/x86_64-pc-linux-gnu/8.3.0/:/cvmfs/juno.ihep.ac.cn/centos7_amd64_gcc830/contrib/gcc/8.3.0/lib/gcc/x86_64-pc-linux-gnu/]
  ignore line: [LIBRARY_PATH=/cvmfs/juno.ihep.ac.cn/centos7_amd64_gcc830/contrib/gcc/8.3.0/lib/gcc/x86_64-pc-linux-gnu/8.3.0/:/cvmfs/juno.ihep.ac.cn/centos7_amd64_gcc830/contrib/gcc/8.3.0/lib/gcc/x86_64-pc-linux-gnu/8.3.0/../../../../lib64/:/lib/../lib64/:/usr/lib/../lib64/:/cvmfs/juno.ihep.ac.cn/centos7_amd64_gcc830/contrib/gcc/8.3.0/lib/gcc/x86_64-pc-linux-gnu/8.3.0/../../../:/lib/:/usr/lib/]
  ignore line: [COLLECT_GCC_OPTIONS='-v' '-rdynamic' '-o' 'cmTC_18663' '-mtune=generic' '-march=x86-64']
  link line: [ /cvmfs/juno.ihep.ac.cn/centos7_amd64_gcc830/contrib/gcc/8.3.0/libexec/gcc/x86_64-pc-linux-gnu/8.3.0/collect2 -plugin /cvmfs/juno.ihep.ac.cn/centos7_amd64_gcc830/contrib/gcc/8.3.0/libexec/gcc/x86_64-pc-linux-gnu/8.3.0/liblto_plugin.so -plugin-opt=/cvmfs/juno.ihep.ac.cn/centos7_amd64_gcc830/contrib/gcc/8.3.0/libexec/gcc/x86_64-pc-linux-gnu/8.3.0/lto-wrapper -plugin-opt=-fresolution=/tmp/ihep/opticks/ccaXGzoN.res -plugin-opt=-pass-through=-lgcc -plugin-opt=-pass-through=-lgcc_s -plugin-opt=-pass-through=-lc -plugin-opt=-pass-through=-lgcc -plugin-opt=-pass-through=-lgcc_s --eh-frame-hdr -m elf_x86_64 -export-dynamic -dynamic-linker /lib64/ld-linux-x86-64.so.2 -o cmTC_18663 /lib/../lib64/crt1.o /lib/../lib64/crti.o /cvmfs/juno.ihep.ac.cn/centos7_amd64_gcc830/contrib/gcc/8.3.0/lib/gcc/x86_64-pc-linux-gnu/8.3.0/crtbegin.o -L/cvmfs/juno.ihep.ac.cn/centos7_amd64_gcc830/contrib/gcc/8.3.0/lib/gcc/x86_64-pc-linux-gnu/8.3.0 -L/cvmfs/juno.ihep.ac.cn/centos7_amd64_gcc830/contrib/gcc/8.3.0/lib/gcc/x86_64-pc-linux-gnu/8.3.0/../../../../lib64 -L/lib/../lib64 -L/usr/lib/../lib64 -L/cvmfs/juno.ihep.ac.cn/centos7_amd64_gcc830/contrib/gcc/8.3.0/lib/gcc/x86_64-pc-linux-gnu/8.3.0/../../.. CMakeFiles/cmTC_18663.dir/CMakeCCompilerABI.c.o -lgcc --as-needed -lgcc_s --no-as-needed -lc -lgcc --as-needed -lgcc_s --no-as-needed /cvmfs/juno.ihep.ac.cn/centos7_amd64_gcc830/contrib/gcc/8.3.0/lib/gcc/x86_64-pc-linux-gnu/8.3.0/crtend.o /lib/../lib64/crtn.o]
    arg [/cvmfs/juno.ihep.ac.cn/centos7_amd64_gcc830/contrib/gcc/8.3.0/libexec/gcc/x86_64-pc-linux-gnu/8.3.0/collect2] ==> ignore
    arg [-plugin] ==> ignore
    arg [/cvmfs/juno.ihep.ac.cn/centos7_amd64_gcc830/contrib/gcc/8.3.0/libexec/gcc/x86_64-pc-linux-gnu/8.3.0/liblto_plugin.so] ==> ignore
    arg [-plugin-opt=/cvmfs/juno.ihep.ac.cn/centos7_amd64_gcc830/contrib/gcc/8.3.0/libexec/gcc/x86_64-pc-linux-gnu/8.3.0/lto-wrapper] ==> ignore
    arg [-plugin-opt=-fresolution=/tmp/ihep/opticks/ccaXGzoN.res] ==> ignore
    arg [-plugin-opt=-pass-through=-lgcc] ==> ignore
    arg [-plugin-opt=-pass-through=-lgcc_s] ==> ignore
    arg [-plugin-opt=-pass-through=-lc] ==> ignore
    arg [-plugin-opt=-pass-through=-lgcc] ==> ignore
    arg [-plugin-opt=-pass-through=-lgcc_s] ==> ignore
    arg [--eh-frame-hdr] ==> ignore
    arg [-m] ==> ignore
    arg [elf_x86_64] ==> ignore
    arg [-export-dynamic] ==> ignore
    arg [-dynamic-linker] ==> ignore
    arg [/lib64/ld-linux-x86-64.so.2] ==> ignore
    arg [-o] ==> ignore
    arg [cmTC_18663] ==> ignore
    arg [/lib/../lib64/crt1.o] ==> obj [/lib/../lib64/crt1.o]
    arg [/lib/../lib64/crti.o] ==> obj [/lib/../lib64/crti.o]
    arg [/cvmfs/juno.ihep.ac.cn/centos7_amd64_gcc830/contrib/gcc/8.3.0/lib/gcc/x86_64-pc-linux-gnu/8.3.0/crtbegin.o] ==> obj [/cvmfs/juno.ihep.ac.cn/centos7_amd64_gcc830/contrib/gcc/8.3.0/lib/gcc/x86_64-pc-linux-gnu/8.3.0/crtbegin.o]
    arg [-L/cvmfs/juno.ihep.ac.cn/centos7_amd64_gcc830/contrib/gcc/8.3.0/lib/gcc/x86_64-pc-linux-gnu/8.3.0] ==> dir [/cvmfs/juno.ihep.ac.cn/centos7_amd64_gcc830/contrib/gcc/8.3.0/lib/gcc/x86_64-pc-linux-gnu/8.3.0]
    arg [-L/cvmfs/juno.ihep.ac.cn/centos7_amd64_gcc830/contrib/gcc/8.3.0/lib/gcc/x86_64-pc-linux-gnu/8.3.0/../../../../lib64] ==> dir [/cvmfs/juno.ihep.ac.cn/centos7_amd64_gcc830/contrib/gcc/8.3.0/lib/gcc/x86_64-pc-linux-gnu/8.3.0/../../../../lib64]
    arg [-L/lib/../lib64] ==> dir [/lib/../lib64]
    arg [-L/usr/lib/../lib64] ==> dir [/usr/lib/../lib64]
    arg [-L/cvmfs/juno.ihep.ac.cn/centos7_amd64_gcc830/contrib/gcc/8.3.0/lib/gcc/x86_64-pc-linux-gnu/8.3.0/../../..] ==> dir [/cvmfs/juno.ihep.ac.cn/centos7_amd64_gcc830/contrib/gcc/8.3.0/lib/gcc/x86_64-pc-linux-gnu/8.3.0/../../..]
    arg [CMakeFiles/cmTC_18663.dir/CMakeCCompilerABI.c.o] ==> ignore
    arg [-lgcc] ==> lib [gcc]
    arg [--as-needed] ==> ignore
    arg [-lgcc_s] ==> lib [gcc_s]
    arg [--no-as-needed] ==> ignore
    arg [-lc] ==> lib [c]
    arg [-lgcc] ==> lib [gcc]
    arg [--as-needed] ==> ignore
    arg [-lgcc_s] ==> lib [gcc_s]
    arg [--no-as-needed] ==> ignore
    arg [/cvmfs/juno.ihep.ac.cn/centos7_amd64_gcc830/contrib/gcc/8.3.0/lib/gcc/x86_64-pc-linux-gnu/8.3.0/crtend.o] ==> obj [/cvmfs/juno.ihep.ac.cn/centos7_amd64_gcc830/contrib/gcc/8.3.0/lib/gcc/x86_64-pc-linux-gnu/8.3.0/crtend.o]
    arg [/lib/../lib64/crtn.o] ==> obj [/lib/../lib64/crtn.o]
  collapse obj [/lib/../lib64/crt1.o] ==> [/lib64/crt1.o]
  collapse obj [/lib/../lib64/crti.o] ==> [/lib64/crti.o]
  collapse obj [/lib/../lib64/crtn.o] ==> [/lib64/crtn.o]
  collapse library dir [/cvmfs/juno.ihep.ac.cn/centos7_amd64_gcc830/contrib/gcc/8.3.0/lib/gcc/x86_64-pc-linux-gnu/8.3.0] ==> [/cvmfs/juno.ihep.ac.cn/centos7_amd64_gcc830/contrib/gcc/8.3.0/lib/gcc/x86_64-pc-linux-gnu/8.3.0]
  collapse library dir [/cvmfs/juno.ihep.ac.cn/centos7_amd64_gcc830/contrib/gcc/8.3.0/lib/gcc/x86_64-pc-linux-gnu/8.3.0/../../../../lib64] ==> [/cvmfs/juno.ihep.ac.cn/centos7_amd64_gcc830/contrib/gcc/8.3.0/lib64]
  collapse library dir [/lib/../lib64] ==> [/lib64]
  collapse library dir [/usr/lib/../lib64] ==> [/usr/lib64]
  collapse library dir [/cvmfs/juno.ihep.ac.cn/centos7_amd64_gcc830/contrib/gcc/8.3.0/lib/gcc/x86_64-pc-linux-gnu/8.3.0/../../..] ==> [/cvmfs/juno.ihep.ac.cn/centos7_amd64_gcc830/contrib/gcc/8.3.0/lib]
  implicit libs: [gcc;gcc_s;c;gcc;gcc_s]
  implicit objs: [/lib64/crt1.o;/lib64/crti.o;/cvmfs/juno.ihep.ac.cn/centos7_amd64_gcc830/contrib/gcc/8.3.0/lib/gcc/x86_64-pc-linux-gnu/8.3.0/crtbegin.o;/cvmfs/juno.ihep.ac.cn/centos7_amd64_gcc830/contrib/gcc/8.3.0/lib/gcc/x86_64-pc-linux-gnu/8.3.0/crtend.o;/lib64/crtn.o]
  implicit dirs: [/cvmfs/juno.ihep.ac.cn/centos7_amd64_gcc830/contrib/gcc/8.3.0/lib/gcc/x86_64-pc-linux-gnu/8.3.0;/cvmfs/juno.ihep.ac.cn/centos7_amd64_gcc830/contrib/gcc/8.3.0/lib64;/lib64;/usr/lib64;/cvmfs/juno.ihep.ac.cn/centos7_amd64_gcc830/contrib/gcc/8.3.0/lib]
  implicit fwks: []


Detecting CXX compiler ABI info compiled with the following output:
Change Dir: /home/ihep/LS_Sim/build/CMakeFiles/CMakeTmp

Run Build Command(s):/usr/bin/gmake -f Makefile cmTC_7ddf4/fast && /usr/bin/gmake  -f CMakeFiles/cmTC_7ddf4.dir/build.make CMakeFiles/cmTC_7ddf4.dir/build
gmake[1]: Entering directory `/home/ihep/LS_Sim/build/CMakeFiles/CMakeTmp'
Building CXX object CMakeFiles/cmTC_7ddf4.dir/CMakeCXXCompilerABI.cpp.o
/cvmfs/juno.ihep.ac.cn/centos7_amd64_gcc830/contrib/gcc/8.3.0/bin/g++   -v -o CMakeFiles/cmTC_7ddf4.dir/CMakeCXXCompilerABI.cpp.o -c /cvmfs/juno.ihep.ac.cn/centos7_amd64_gcc830/Pre-Release/J22.1.x/ExternalLibs/Cmake/3.22.1/share/cmake-3.22/Modules/CMakeCXXCompilerABI.cpp
Using built-in specs.
COLLECT_GCC=/cvmfs/juno.ihep.ac.cn/centos7_amd64_gcc830/contrib/gcc/8.3.0/bin/g++
Target: x86_64-pc-linux-gnu
Configured with: /cvmfs/juno.ihep.ac.cn/centos7_amd64_gcc830/contrib/gcc/8.3.0/download/gcc-8.3.0/configure --prefix=/cvmfs/juno.ihep.ac.cn/centos7_amd64_gcc830/contrib/gcc/8.3.0 --enable-language=c,c++,fortran --disable-multilib
Thread model: posix
gcc version 8.3.0 (GCC) 
COLLECT_GCC_OPTIONS='-v' '-o' 'CMakeFiles/cmTC_7ddf4.dir/CMakeCXXCompilerABI.cpp.o' '-c' '-shared-libgcc' '-mtune=generic' '-march=x86-64'
 /cvmfs/juno.ihep.ac.cn/centos7_amd64_gcc830/contrib/gcc/8.3.0/libexec/gcc/x86_64-pc-linux-gnu/8.3.0/cc1plus -quiet -v -D_GNU_SOURCE /cvmfs/juno.ihep.ac.cn/centos7_amd64_gcc830/Pre-Release/J22.1.x/ExternalLibs/Cmake/3.22.1/share/cmake-3.22/Modules/CMakeCXXCompilerABI.cpp -quiet -dumpbase CMakeCXXCompilerABI.cpp -mtune=generic -march=x86-64 -auxbase-strip CMakeFiles/cmTC_7ddf4.dir/CMakeCXXCompilerABI.cpp.o -version -o /tmp/ihep/opticks/cclLgQo2.s
GNU C++14 (GCC) version 8.3.0 (x86_64-pc-linux-gnu)
	compiled by GNU C version 8.3.0, GMP version 6.1.0, MPFR version 3.1.4, MPC version 1.0.3, isl version isl-0.18-GMP

GGC heuristics: --param ggc-min-expand=100 --param ggc-min-heapsize=131072
ignoring nonexistent directory "/cvmfs/juno.ihep.ac.cn/centos7_amd64_gcc830/contrib/gcc/8.3.0/lib/gcc/x86_64-pc-linux-gnu/8.3.0/../../../../x86_64-pc-linux-gnu/include"
ignoring nonexistent directory "/home/ihep/juno-cmake-version/JUNOSOFT/ExternalLibs/python-yaml/5.4.1.1/include"
ignoring nonexistent directory "/home/ihep/juno-cmake-version/JUNOSOFT/ExternalLibs/talys/1.95/include"
ignoring nonexistent directory "/home/ihep/juno-cmake-version/JUNOSOFT/ExternalLibs/CMT/v1r26/include"
ignoring nonexistent directory "/home/ihep/juno-cmake-version/JUNOSOFT/ExternalLibs/Cmake/3.22.1/include"
ignoring nonexistent directory "/home/ihep/juno-cmake-version/JUNOSOFT/ExternalLibs/python-numpy/1.21.4/include"
ignoring nonexistent directory "/home/ihep/juno-cmake-version/JUNOSOFT/ExternalLibs/python-cython/0.29.24/include"
ignoring nonexistent directory "/home/ihep/juno-cmake-version/JUNOSOFT/ExternalLibs/python-pip/21.2.4/include"
ignoring nonexistent directory "/home/ihep/juno-cmake-version/JUNOSOFT/ExternalLibs/python-setuptools/58.0.4/include"
ignoring duplicate directory "/home/ihep/juno-cmake-version/JUNOSOFT/ExternalLibs/frontier/2.9.1/include"
ignoring duplicate directory "/home/ihep/juno-cmake-version/JUNOSOFT/ExternalLibs/pacparser/1.3.7/include"
ignoring nonexistent directory "/home/ihep/juno-cmake-version/JUNOSOFT/ExternalLibs/python-yaml/5.4.1.1/include"
ignoring duplicate directory "/home/ihep/juno-cmake-version/JUNOSOFT/ExternalLibs/libyaml/0.2.4/include"
ignoring duplicate directory "/home/ihep/juno-cmake-version/JUNOSOFT/ExternalLibs/mysql-connector-cpp/1.1.12/include"
ignoring duplicate directory "/home/ihep/juno-cmake-version/JUNOSOFT/ExternalLibs/mysql-connector-c/6.1.9/include"
ignoring duplicate directory "/home/ihep/juno-cmake-version/JUNOSOFT/ExternalLibs/libmore/0.8.3/include"
ignoring nonexistent directory "/home/ihep/juno-cmake-version/JUNOSOFT/ExternalLibs/talys/1.95/include"
ignoring duplicate directory "/home/ihep/juno-cmake-version/JUNOSOFT/ExternalLibs/nuwro/19.02.2/include"
ignoring duplicate directory "/home/ihep/juno-cmake-version/JUNOSOFT/ExternalLibs/genie/3.00.06/include/GENIE"
ignoring duplicate directory "/home/ihep/juno-cmake-version/JUNOSOFT/ExternalLibs/genie/3.00.06/include"
ignoring duplicate directory "/home/ihep/juno-cmake-version/JUNOSOFT/ExternalLibs/Geant4/10.04.p02.juno/include"
ignoring duplicate directory "/home/ihep/juno-cmake-version/JUNOSOFT/ExternalLibs/HepMC/2.06.09/include"
ignoring duplicate directory "/home/ihep/juno-cmake-version/JUNOSOFT/ExternalLibs/ROOT/6.24.06/include"
ignoring duplicate directory "/home/ihep/juno-cmake-version/JUNOSOFT/ExternalLibs/xrootd/5.3.4/include"
ignoring duplicate directory "/home/ihep/juno-cmake-version/JUNOSOFT/ExternalLibs/CLHEP/2.4.1.0/include"
ignoring nonexistent directory "/home/ihep/juno-cmake-version/JUNOSOFT/ExternalLibs/CMT/v1r26/include"
ignoring duplicate directory "/home/ihep/juno-cmake-version/JUNOSOFT/ExternalLibs/tbb/2020.3/include"
ignoring duplicate directory "/home/ihep/juno-cmake-version/JUNOSOFT/ExternalLibs/pythia6/6.4.28/include"
ignoring duplicate directory "/home/ihep/juno-cmake-version/JUNOSOFT/ExternalLibs/LHAPDF/6.3.0/include"
ignoring duplicate directory "/home/ihep/juno-cmake-version/JUNOSOFT/ExternalLibs/libxml2/2.9.12/include"
ignoring duplicate directory "/home/ihep/juno-cmake-version/JUNOSOFT/ExternalLibs/log4cpp/1.1.3/include"
ignoring duplicate directory "/home/ihep/juno-cmake-version/JUNOSOFT/ExternalLibs/sqlite3/3.35.5/include"
ignoring duplicate directory "/home/ihep/juno-cmake-version/JUNOSOFT/ExternalLibs/fftw3/3.3.8/include"
ignoring duplicate directory "/home/ihep/juno-cmake-version/JUNOSOFT/ExternalLibs/gsl/2.5/include"
ignoring duplicate directory "/home/ihep/juno-cmake-version/JUNOSOFT/ExternalLibs/Xercesc/3.2.2/include"
ignoring nonexistent directory "/home/ihep/juno-cmake-version/JUNOSOFT/ExternalLibs/Cmake/3.22.1/include"
ignoring duplicate directory "/home/ihep/juno-cmake-version/JUNOSOFT/ExternalLibs/Boost/1.78.0/include"
ignoring nonexistent directory "/home/ihep/juno-cmake-version/JUNOSOFT/ExternalLibs/python-numpy/1.21.4/include"
ignoring nonexistent directory "/home/ihep/juno-cmake-version/JUNOSOFT/ExternalLibs/python-cython/0.29.24/include"
ignoring nonexistent directory "/home/ihep/juno-cmake-version/JUNOSOFT/ExternalLibs/python-pip/21.2.4/include"
ignoring nonexistent directory "/home/ihep/juno-cmake-version/JUNOSOFT/ExternalLibs/python-setuptools/58.0.4/include"
ignoring duplicate directory "/home/ihep/juno-cmake-version/JUNOSOFT/ExternalLibs/Python/3.8.12/include"
#include "..." search starts here:
#include <...> search starts here:
 /home/ihep/juno-cmake-version/JUNOSOFT/ExternalLibs/frontier/2.9.1/include
 /home/ihep/juno-cmake-version/JUNOSOFT/ExternalLibs/pacparser/1.3.7/include
 /home/ihep/juno-cmake-version/JUNOSOFT/ExternalLibs/libyaml/0.2.4/include
 /home/ihep/juno-cmake-version/JUNOSOFT/ExternalLibs/mysql-connector-cpp/1.1.12/include
 /home/ihep/juno-cmake-version/JUNOSOFT/ExternalLibs/mysql-connector-c/6.1.9/include
 /home/ihep/juno-cmake-version/JUNOSOFT/ExternalLibs/libmore/0.8.3/include
 /home/ihep/juno-cmake-version/JUNOSOFT/ExternalLibs/nuwro/19.02.2/include
 /home/ihep/juno-cmake-version/JUNOSOFT/ExternalLibs/genie/3.00.06/include/GENIE
 /home/ihep/juno-cmake-version/JUNOSOFT/ExternalLibs/genie/3.00.06/include
 /home/ihep/juno-cmake-version/JUNOSOFT/ExternalLibs/Geant4/10.04.p02.juno/include
 /home/ihep/juno-cmake-version/JUNOSOFT/ExternalLibs/HepMC/2.06.09/include
 /home/ihep/juno-cmake-version/JUNOSOFT/ExternalLibs/ROOT/6.24.06/include
 /home/ihep/juno-cmake-version/JUNOSOFT/ExternalLibs/xrootd/5.3.4/include
 /home/ihep/juno-cmake-version/JUNOSOFT/ExternalLibs/CLHEP/2.4.1.0/include
 /home/ihep/juno-cmake-version/JUNOSOFT/ExternalLibs/tbb/2020.3/include
 /home/ihep/juno-cmake-version/JUNOSOFT/ExternalLibs/pythia6/6.4.28/include
 /home/ihep/juno-cmake-version/JUNOSOFT/ExternalLibs/LHAPDF/6.3.0/include
 /home/ihep/juno-cmake-version/JUNOSOFT/ExternalLibs/libxml2/2.9.12/include
 /home/ihep/juno-cmake-version/JUNOSOFT/ExternalLibs/log4cpp/1.1.3/include
 /home/ihep/juno-cmake-version/JUNOSOFT/ExternalLibs/sqlite3/3.35.5/include
 /home/ihep/juno-cmake-version/JUNOSOFT/ExternalLibs/fftw3/3.3.8/include
 /home/ihep/juno-cmake-version/JUNOSOFT/ExternalLibs/gsl/2.5/include
 /home/ihep/juno-cmake-version/JUNOSOFT/ExternalLibs/Xercesc/3.2.2/include
 /home/ihep/juno-cmake-version/JUNOSOFT/ExternalLibs/Boost/1.78.0/include
 /home/ihep/juno-cmake-version/JUNOSOFT/ExternalLibs/Python/3.8.12/include
 .
 /cvmfs/juno.ihep.ac.cn/centos7_amd64_gcc830/contrib/gcc/8.3.0/lib/gcc/x86_64-pc-linux-gnu/8.3.0/../../../../include/c++/8.3.0
 /cvmfs/juno.ihep.ac.cn/centos7_amd64_gcc830/contrib/gcc/8.3.0/lib/gcc/x86_64-pc-linux-gnu/8.3.0/../../../../include/c++/8.3.0/x86_64-pc-linux-gnu
 /cvmfs/juno.ihep.ac.cn/centos7_amd64_gcc830/contrib/gcc/8.3.0/lib/gcc/x86_64-pc-linux-gnu/8.3.0/../../../../include/c++/8.3.0/backward
 /cvmfs/juno.ihep.ac.cn/centos7_amd64_gcc830/contrib/gcc/8.3.0/lib/gcc/x86_64-pc-linux-gnu/8.3.0/include
 /usr/local/include
 /cvmfs/juno.ihep.ac.cn/centos7_amd64_gcc830/contrib/gcc/8.3.0/include
 /cvmfs/juno.ihep.ac.cn/centos7_amd64_gcc830/contrib/gcc/8.3.0/lib/gcc/x86_64-pc-linux-gnu/8.3.0/include-fixed
 /usr/include
End of search list.
GNU C++14 (GCC) version 8.3.0 (x86_64-pc-linux-gnu)
	compiled by GNU C version 8.3.0, GMP version 6.1.0, MPFR version 3.1.4, MPC version 1.0.3, isl version isl-0.18-GMP

GGC heuristics: --param ggc-min-expand=100 --param ggc-min-heapsize=131072
Compiler executable checksum: e1c99ea4a043ba35cbfacdc8fa746973
COLLECT_GCC_OPTIONS='-v' '-o' 'CMakeFiles/cmTC_7ddf4.dir/CMakeCXXCompilerABI.cpp.o' '-c' '-shared-libgcc' '-mtune=generic' '-march=x86-64'
 as -v --64 -o CMakeFiles/cmTC_7ddf4.dir/CMakeCXXCompilerABI.cpp.o /tmp/ihep/opticks/cclLgQo2.s
GNU assembler version 2.27 (x86_64-redhat-linux) using BFD version version 2.27-44.base.el7
COMPILER_PATH=/cvmfs/juno.ihep.ac.cn/centos7_amd64_gcc830/contrib/gcc/8.3.0/libexec/gcc/x86_64-pc-linux-gnu/8.3.0/:/cvmfs/juno.ihep.ac.cn/centos7_amd64_gcc830/contrib/gcc/8.3.0/libexec/gcc/x86_64-pc-linux-gnu/8.3.0/:/cvmfs/juno.ihep.ac.cn/centos7_amd64_gcc830/contrib/gcc/8.3.0/libexec/gcc/x86_64-pc-linux-gnu/:/cvmfs/juno.ihep.ac.cn/centos7_amd64_gcc830/contrib/gcc/8.3.0/lib/gcc/x86_64-pc-linux-gnu/8.3.0/:/cvmfs/juno.ihep.ac.cn/centos7_amd64_gcc830/contrib/gcc/8.3.0/lib/gcc/x86_64-pc-linux-gnu/
LIBRARY_PATH=/cvmfs/juno.ihep.ac.cn/centos7_amd64_gcc830/contrib/gcc/8.3.0/lib/gcc/x86_64-pc-linux-gnu/8.3.0/:/cvmfs/juno.ihep.ac.cn/centos7_amd64_gcc830/contrib/gcc/8.3.0/lib/gcc/x86_64-pc-linux-gnu/8.3.0/../../../../lib64/:/lib/../lib64/:/usr/lib/../lib64/:/cvmfs/juno.ihep.ac.cn/centos7_amd64_gcc830/contrib/gcc/8.3.0/lib/gcc/x86_64-pc-linux-gnu/8.3.0/../../../:/lib/:/usr/lib/
COLLECT_GCC_OPTIONS='-v' '-o' 'CMakeFiles/cmTC_7ddf4.dir/CMakeCXXCompilerABI.cpp.o' '-c' '-shared-libgcc' '-mtune=generic' '-march=x86-64'
Linking CXX executable cmTC_7ddf4
/cvmfs/juno.ihep.ac.cn/centos7_amd64_gcc830/Pre-Release/J22.1.x/ExternalLibs/Cmake/3.22.1/bin/cmake -E cmake_link_script CMakeFiles/cmTC_7ddf4.dir/link.txt --verbose=1
/cvmfs/juno.ihep.ac.cn/centos7_amd64_gcc830/contrib/gcc/8.3.0/bin/g++  -v -rdynamic CMakeFiles/cmTC_7ddf4.dir/CMakeCXXCompilerABI.cpp.o -o cmTC_7ddf4 
Using built-in specs.
COLLECT_GCC=/cvmfs/juno.ihep.ac.cn/centos7_amd64_gcc830/contrib/gcc/8.3.0/bin/g++
COLLECT_LTO_WRAPPER=/cvmfs/juno.ihep.ac.cn/centos7_amd64_gcc830/contrib/gcc/8.3.0/libexec/gcc/x86_64-pc-linux-gnu/8.3.0/lto-wrapper
Target: x86_64-pc-linux-gnu
Configured with: /cvmfs/juno.ihep.ac.cn/centos7_amd64_gcc830/contrib/gcc/8.3.0/download/gcc-8.3.0/configure --prefix=/cvmfs/juno.ihep.ac.cn/centos7_amd64_gcc830/contrib/gcc/8.3.0 --enable-language=c,c++,fortran --disable-multilib
Thread model: posix
gcc version 8.3.0 (GCC) 
COMPILER_PATH=/cvmfs/juno.ihep.ac.cn/centos7_amd64_gcc830/contrib/gcc/8.3.0/libexec/gcc/x86_64-pc-linux-gnu/8.3.0/:/cvmfs/juno.ihep.ac.cn/centos7_amd64_gcc830/contrib/gcc/8.3.0/libexec/gcc/x86_64-pc-linux-gnu/8.3.0/:/cvmfs/juno.ihep.ac.cn/centos7_amd64_gcc830/contrib/gcc/8.3.0/libexec/gcc/x86_64-pc-linux-gnu/:/cvmfs/juno.ihep.ac.cn/centos7_amd64_gcc830/contrib/gcc/8.3.0/lib/gcc/x86_64-pc-linux-gnu/8.3.0/:/cvmfs/juno.ihep.ac.cn/centos7_amd64_gcc830/contrib/gcc/8.3.0/lib/gcc/x86_64-pc-linux-gnu/
LIBRARY_PATH=/cvmfs/juno.ihep.ac.cn/centos7_amd64_gcc830/contrib/gcc/8.3.0/lib/gcc/x86_64-pc-linux-gnu/8.3.0/:/cvmfs/juno.ihep.ac.cn/centos7_amd64_gcc830/contrib/gcc/8.3.0/lib/gcc/x86_64-pc-linux-gnu/8.3.0/../../../../lib64/:/lib/../lib64/:/usr/lib/../lib64/:/cvmfs/juno.ihep.ac.cn/centos7_amd64_gcc830/contrib/gcc/8.3.0/lib/gcc/x86_64-pc-linux-gnu/8.3.0/../../../:/lib/:/usr/lib/
COLLECT_GCC_OPTIONS='-v' '-rdynamic' '-o' 'cmTC_7ddf4' '-shared-libgcc' '-mtune=generic' '-march=x86-64'
 /cvmfs/juno.ihep.ac.cn/centos7_amd64_gcc830/contrib/gcc/8.3.0/libexec/gcc/x86_64-pc-linux-gnu/8.3.0/collect2 -plugin /cvmfs/juno.ihep.ac.cn/centos7_amd64_gcc830/contrib/gcc/8.3.0/libexec/gcc/x86_64-pc-linux-gnu/8.3.0/liblto_plugin.so -plugin-opt=/cvmfs/juno.ihep.ac.cn/centos7_amd64_gcc830/contrib/gcc/8.3.0/libexec/gcc/x86_64-pc-linux-gnu/8.3.0/lto-wrapper -plugin-opt=-fresolution=/tmp/ihep/opticks/ccrrB0V5.res -plugin-opt=-pass-through=-lgcc_s -plugin-opt=-pass-through=-lgcc -plugin-opt=-pass-through=-lc -plugin-opt=-pass-through=-lgcc_s -plugin-opt=-pass-through=-lgcc --eh-frame-hdr -m elf_x86_64 -export-dynamic -dynamic-linker /lib64/ld-linux-x86-64.so.2 -o cmTC_7ddf4 /lib/../lib64/crt1.o /lib/../lib64/crti.o /cvmfs/juno.ihep.ac.cn/centos7_amd64_gcc830/contrib/gcc/8.3.0/lib/gcc/x86_64-pc-linux-gnu/8.3.0/crtbegin.o -L/cvmfs/juno.ihep.ac.cn/centos7_amd64_gcc830/contrib/gcc/8.3.0/lib/gcc/x86_64-pc-linux-gnu/8.3.0 -L/cvmfs/juno.ihep.ac.cn/centos7_amd64_gcc830/contrib/gcc/8.3.0/lib/gcc/x86_64-pc-linux-gnu/8.3.0/../../../../lib64 -L/lib/../lib64 -L/usr/lib/../lib64 -L/cvmfs/juno.ihep.ac.cn/centos7_amd64_gcc830/contrib/gcc/8.3.0/lib/gcc/x86_64-pc-linux-gnu/8.3.0/../../.. CMakeFiles/cmTC_7ddf4.dir/CMakeCXXCompilerABI.cpp.o -lstdc++ -lm -lgcc_s -lgcc -lc -lgcc_s -lgcc /cvmfs/juno.ihep.ac.cn/centos7_amd64_gcc830/contrib/gcc/8.3.0/lib/gcc/x86_64-pc-linux-gnu/8.3.0/crtend.o /lib/../lib64/crtn.o
COLLECT_GCC_OPTIONS='-v' '-rdynamic' '-o' 'cmTC_7ddf4' '-shared-libgcc' '-mtune=generic' '-march=x86-64'
gmake[1]: Leaving directory `/home/ihep/LS_Sim/build/CMakeFiles/CMakeTmp'



Parsed CXX implicit include dir info from above output: rv=done
  found start of include info
  found start of implicit include info
    add: [/home/ihep/juno-cmake-version/JUNOSOFT/ExternalLibs/frontier/2.9.1/include]
    add: [/home/ihep/juno-cmake-version/JUNOSOFT/ExternalLibs/pacparser/1.3.7/include]
    add: [/home/ihep/juno-cmake-version/JUNOSOFT/ExternalLibs/libyaml/0.2.4/include]
    add: [/home/ihep/juno-cmake-version/JUNOSOFT/ExternalLibs/mysql-connector-cpp/1.1.12/include]
    add: [/home/ihep/juno-cmake-version/JUNOSOFT/ExternalLibs/mysql-connector-c/6.1.9/include]
    add: [/home/ihep/juno-cmake-version/JUNOSOFT/ExternalLibs/libmore/0.8.3/include]
    add: [/home/ihep/juno-cmake-version/JUNOSOFT/ExternalLibs/nuwro/19.02.2/include]
    add: [/home/ihep/juno-cmake-version/JUNOSOFT/ExternalLibs/genie/3.00.06/include/GENIE]
    add: [/home/ihep/juno-cmake-version/JUNOSOFT/ExternalLibs/genie/3.00.06/include]
    add: [/home/ihep/juno-cmake-version/JUNOSOFT/ExternalLibs/Geant4/10.04.p02.juno/include]
    add: [/home/ihep/juno-cmake-version/JUNOSOFT/ExternalLibs/HepMC/2.06.09/include]
    add: [/home/ihep/juno-cmake-version/JUNOSOFT/ExternalLibs/ROOT/6.24.06/include]
    add: [/home/ihep/juno-cmake-version/JUNOSOFT/ExternalLibs/xrootd/5.3.4/include]
    add: [/home/ihep/juno-cmake-version/JUNOSOFT/ExternalLibs/CLHEP/2.4.1.0/include]
    add: [/home/ihep/juno-cmake-version/JUNOSOFT/ExternalLibs/tbb/2020.3/include]
    add: [/home/ihep/juno-cmake-version/JUNOSOFT/ExternalLibs/pythia6/6.4.28/include]
    add: [/home/ihep/juno-cmake-version/JUNOSOFT/ExternalLibs/LHAPDF/6.3.0/include]
    add: [/home/ihep/juno-cmake-version/JUNOSOFT/ExternalLibs/libxml2/2.9.12/include]
    add: [/home/ihep/juno-cmake-version/JUNOSOFT/ExternalLibs/log4cpp/1.1.3/include]
    add: [/home/ihep/juno-cmake-version/JUNOSOFT/ExternalLibs/sqlite3/3.35.5/include]
    add: [/home/ihep/juno-cmake-version/JUNOSOFT/ExternalLibs/fftw3/3.3.8/include]
    add: [/home/ihep/juno-cmake-version/JUNOSOFT/ExternalLibs/gsl/2.5/include]
    add: [/home/ihep/juno-cmake-version/JUNOSOFT/ExternalLibs/Xercesc/3.2.2/include]
    add: [/home/ihep/juno-cmake-version/JUNOSOFT/ExternalLibs/Boost/1.78.0/include]
    add: [/home/ihep/juno-cmake-version/JUNOSOFT/ExternalLibs/Python/3.8.12/include]
    add: [.]
    add: [/cvmfs/juno.ihep.ac.cn/centos7_amd64_gcc830/contrib/gcc/8.3.0/lib/gcc/x86_64-pc-linux-gnu/8.3.0/../../../../include/c++/8.3.0]
    add: [/cvmfs/juno.ihep.ac.cn/centos7_amd64_gcc830/contrib/gcc/8.3.0/lib/gcc/x86_64-pc-linux-gnu/8.3.0/../../../../include/c++/8.3.0/x86_64-pc-linux-gnu]
    add: [/cvmfs/juno.ihep.ac.cn/centos7_amd64_gcc830/contrib/gcc/8.3.0/lib/gcc/x86_64-pc-linux-gnu/8.3.0/../../../../include/c++/8.3.0/backward]
    add: [/cvmfs/juno.ihep.ac.cn/centos7_amd64_gcc830/contrib/gcc/8.3.0/lib/gcc/x86_64-pc-linux-gnu/8.3.0/include]
    add: [/usr/local/include]
    add: [/cvmfs/juno.ihep.ac.cn/centos7_amd64_gcc830/contrib/gcc/8.3.0/include]
    add: [/cvmfs/juno.ihep.ac.cn/centos7_amd64_gcc830/contrib/gcc/8.3.0/lib/gcc/x86_64-pc-linux-gnu/8.3.0/include-fixed]
    add: [/usr/include]
  end of search list found
  collapse include dir [/home/ihep/juno-cmake-version/JUNOSOFT/ExternalLibs/frontier/2.9.1/include] ==> [/home/ihep/juno-cmake-version/JUNOSOFT/ExternalLibs/frontier/2.9.1/include]
  collapse include dir [/home/ihep/juno-cmake-version/JUNOSOFT/ExternalLibs/pacparser/1.3.7/include] ==> [/home/ihep/juno-cmake-version/JUNOSOFT/ExternalLibs/pacparser/1.3.7/include]
  collapse include dir [/home/ihep/juno-cmake-version/JUNOSOFT/ExternalLibs/libyaml/0.2.4/include] ==> [/home/ihep/juno-cmake-version/JUNOSOFT/ExternalLibs/libyaml/0.2.4/include]
  collapse include dir [/home/ihep/juno-cmake-version/JUNOSOFT/ExternalLibs/mysql-connector-cpp/1.1.12/include] ==> [/home/ihep/juno-cmake-version/JUNOSOFT/ExternalLibs/mysql-connector-cpp/1.1.12/include]
  collapse include dir [/home/ihep/juno-cmake-version/JUNOSOFT/ExternalLibs/mysql-connector-c/6.1.9/include] ==> [/home/ihep/juno-cmake-version/JUNOSOFT/ExternalLibs/mysql-connector-c/6.1.9/include]
  collapse include dir [/home/ihep/juno-cmake-version/JUNOSOFT/ExternalLibs/libmore/0.8.3/include] ==> [/home/ihep/juno-cmake-version/JUNOSOFT/ExternalLibs/libmore/0.8.3/include]
  collapse include dir [/home/ihep/juno-cmake-version/JUNOSOFT/ExternalLibs/nuwro/19.02.2/include] ==> [/home/ihep/juno-cmake-version/JUNOSOFT/ExternalLibs/nuwro/19.02.2/include]
  collapse include dir [/home/ihep/juno-cmake-version/JUNOSOFT/ExternalLibs/genie/3.00.06/include/GENIE] ==> [/home/ihep/juno-cmake-version/JUNOSOFT/ExternalLibs/genie/3.00.06/include/GENIE]
  collapse include dir [/home/ihep/juno-cmake-version/JUNOSOFT/ExternalLibs/genie/3.00.06/include] ==> [/home/ihep/juno-cmake-version/JUNOSOFT/ExternalLibs/genie/3.00.06/include]
  collapse include dir [/home/ihep/juno-cmake-version/JUNOSOFT/ExternalLibs/Geant4/10.04.p02.juno/include] ==> [/home/ihep/juno-cmake-version/JUNOSOFT/ExternalLibs/Geant4/10.04.p02.juno/include]
  collapse include dir [/home/ihep/juno-cmake-version/JUNOSOFT/ExternalLibs/HepMC/2.06.09/include] ==> [/home/ihep/juno-cmake-version/JUNOSOFT/ExternalLibs/HepMC/2.06.09/include]
  collapse include dir [/home/ihep/juno-cmake-version/JUNOSOFT/ExternalLibs/ROOT/6.24.06/include] ==> [/home/ihep/juno-cmake-version/JUNOSOFT/ExternalLibs/ROOT/6.24.06/include]
  collapse include dir [/home/ihep/juno-cmake-version/JUNOSOFT/ExternalLibs/xrootd/5.3.4/include] ==> [/home/ihep/juno-cmake-version/JUNOSOFT/ExternalLibs/xrootd/5.3.4/include]
  collapse include dir [/home/ihep/juno-cmake-version/JUNOSOFT/ExternalLibs/CLHEP/2.4.1.0/include] ==> [/home/ihep/juno-cmake-version/JUNOSOFT/ExternalLibs/CLHEP/2.4.1.0/include]
  collapse include dir [/home/ihep/juno-cmake-version/JUNOSOFT/ExternalLibs/tbb/2020.3/include] ==> [/home/ihep/juno-cmake-version/JUNOSOFT/ExternalLibs/tbb/2020.3/include]
  collapse include dir [/home/ihep/juno-cmake-version/JUNOSOFT/ExternalLibs/pythia6/6.4.28/include] ==> [/home/ihep/juno-cmake-version/JUNOSOFT/ExternalLibs/pythia6/6.4.28/include]
  collapse include dir [/home/ihep/juno-cmake-version/JUNOSOFT/ExternalLibs/LHAPDF/6.3.0/include] ==> [/home/ihep/juno-cmake-version/JUNOSOFT/ExternalLibs/LHAPDF/6.3.0/include]
  collapse include dir [/home/ihep/juno-cmake-version/JUNOSOFT/ExternalLibs/libxml2/2.9.12/include] ==> [/home/ihep/juno-cmake-version/JUNOSOFT/ExternalLibs/libxml2/2.9.12/include]
  collapse include dir [/home/ihep/juno-cmake-version/JUNOSOFT/ExternalLibs/log4cpp/1.1.3/include] ==> [/home/ihep/juno-cmake-version/JUNOSOFT/ExternalLibs/log4cpp/1.1.3/include]
  collapse include dir [/home/ihep/juno-cmake-version/JUNOSOFT/ExternalLibs/sqlite3/3.35.5/include] ==> [/home/ihep/juno-cmake-version/JUNOSOFT/ExternalLibs/sqlite3/3.35.5/include]
  collapse include dir [/home/ihep/juno-cmake-version/JUNOSOFT/ExternalLibs/fftw3/3.3.8/include] ==> [/home/ihep/juno-cmake-version/JUNOSOFT/ExternalLibs/fftw3/3.3.8/include]
  collapse include dir [/home/ihep/juno-cmake-version/JUNOSOFT/ExternalLibs/gsl/2.5/include] ==> [/home/ihep/juno-cmake-version/JUNOSOFT/ExternalLibs/gsl/2.5/include]
  collapse include dir [/home/ihep/juno-cmake-version/JUNOSOFT/ExternalLibs/Xercesc/3.2.2/include] ==> [/home/ihep/juno-cmake-version/JUNOSOFT/ExternalLibs/Xercesc/3.2.2/include]
  collapse include dir [/home/ihep/juno-cmake-version/JUNOSOFT/ExternalLibs/Boost/1.78.0/include] ==> [/home/ihep/juno-cmake-version/JUNOSOFT/ExternalLibs/Boost/1.78.0/include]
  collapse include dir [/home/ihep/juno-cmake-version/JUNOSOFT/ExternalLibs/Python/3.8.12/include] ==> [/home/ihep/juno-cmake-version/JUNOSOFT/ExternalLibs/Python/3.8.12/include]
  skipping relative include dir [.]
  collapse include dir [/cvmfs/juno.ihep.ac.cn/centos7_amd64_gcc830/contrib/gcc/8.3.0/lib/gcc/x86_64-pc-linux-gnu/8.3.0/../../../../include/c++/8.3.0] ==> [/cvmfs/juno.ihep.ac.cn/centos7_amd64_gcc830/contrib/gcc/8.3.0/include/c++/8.3.0]
  collapse include dir [/cvmfs/juno.ihep.ac.cn/centos7_amd64_gcc830/contrib/gcc/8.3.0/lib/gcc/x86_64-pc-linux-gnu/8.3.0/../../../../include/c++/8.3.0/x86_64-pc-linux-gnu] ==> [/cvmfs/juno.ihep.ac.cn/centos7_amd64_gcc830/contrib/gcc/8.3.0/include/c++/8.3.0/x86_64-pc-linux-gnu]
  collapse include dir [/cvmfs/juno.ihep.ac.cn/centos7_amd64_gcc830/contrib/gcc/8.3.0/lib/gcc/x86_64-pc-linux-gnu/8.3.0/../../../../include/c++/8.3.0/backward] ==> [/cvmfs/juno.ihep.ac.cn/centos7_amd64_gcc830/contrib/gcc/8.3.0/include/c++/8.3.0/backward]
  collapse include dir [/cvmfs/juno.ihep.ac.cn/centos7_amd64_gcc830/contrib/gcc/8.3.0/lib/gcc/x86_64-pc-linux-gnu/8.3.0/include] ==> [/cvmfs/juno.ihep.ac.cn/centos7_amd64_gcc830/contrib/gcc/8.3.0/lib/gcc/x86_64-pc-linux-gnu/8.3.0/include]
  collapse include dir [/usr/local/include] ==> [/usr/local/include]
  collapse include dir [/cvmfs/juno.ihep.ac.cn/centos7_amd64_gcc830/contrib/gcc/8.3.0/include] ==> [/cvmfs/juno.ihep.ac.cn/centos7_amd64_gcc830/contrib/gcc/8.3.0/include]
  collapse include dir [/cvmfs/juno.ihep.ac.cn/centos7_amd64_gcc830/contrib/gcc/8.3.0/lib/gcc/x86_64-pc-linux-gnu/8.3.0/include-fixed] ==> [/cvmfs/juno.ihep.ac.cn/centos7_amd64_gcc830/contrib/gcc/8.3.0/lib/gcc/x86_64-pc-linux-gnu/8.3.0/include-fixed]
  collapse include dir [/usr/include] ==> [/usr/include]
  implicit include dirs: [/home/ihep/juno-cmake-version/JUNOSOFT/ExternalLibs/frontier/2.9.1/include;/home/ihep/juno-cmake-version/JUNOSOFT/ExternalLibs/pacparser/1.3.7/include;/home/ihep/juno-cmake-version/JUNOSOFT/ExternalLibs/libyaml/0.2.4/include;/home/ihep/juno-cmake-version/JUNOSOFT/ExternalLibs/mysql-connector-cpp/1.1.12/include;/home/ihep/juno-cmake-version/JUNOSOFT/ExternalLibs/mysql-connector-c/6.1.9/include;/home/ihep/juno-cmake-version/JUNOSOFT/ExternalLibs/libmore/0.8.3/include;/home/ihep/juno-cmake-version/JUNOSOFT/ExternalLibs/nuwro/19.02.2/include;/home/ihep/juno-cmake-version/JUNOSOFT/ExternalLibs/genie/3.00.06/include/GENIE;/home/ihep/juno-cmake-version/JUNOSOFT/ExternalLibs/genie/3.00.06/include;/home/ihep/juno-cmake-version/JUNOSOFT/ExternalLibs/Geant4/10.04.p02.juno/include;/home/ihep/juno-cmake-version/JUNOSOFT/ExternalLibs/HepMC/2.06.09/include;/home/ihep/juno-cmake-version/JUNOSOFT/ExternalLibs/ROOT/6.24.06/include;/home/ihep/juno-cmake-version/JUNOSOFT/ExternalLibs/xrootd/5.3.4/include;/home/ihep/juno-cmake-version/JUNOSOFT/ExternalLibs/CLHEP/2.4.1.0/include;/home/ihep/juno-cmake-version/JUNOSOFT/ExternalLibs/tbb/2020.3/include;/home/ihep/juno-cmake-version/JUNOSOFT/ExternalLibs/pythia6/6.4.28/include;/home/ihep/juno-cmake-version/JUNOSOFT/ExternalLibs/LHAPDF/6.3.0/include;/home/ihep/juno-cmake-version/JUNOSOFT/ExternalLibs/libxml2/2.9.12/include;/home/ihep/juno-cmake-version/JUNOSOFT/ExternalLibs/log4cpp/1.1.3/include;/home/ihep/juno-cmake-version/JUNOSOFT/ExternalLibs/sqlite3/3.35.5/include;/home/ihep/juno-cmake-version/JUNOSOFT/ExternalLibs/fftw3/3.3.8/include;/home/ihep/juno-cmake-version/JUNOSOFT/ExternalLibs/gsl/2.5/include;/home/ihep/juno-cmake-version/JUNOSOFT/ExternalLibs/Xercesc/3.2.2/include;/home/ihep/juno-cmake-version/JUNOSOFT/ExternalLibs/Boost/1.78.0/include;/home/ihep/juno-cmake-version/JUNOSOFT/ExternalLibs/Python/3.8.12/include;/cvmfs/juno.ihep.ac.cn/centos7_amd64_gcc830/contrib/gcc/8.3.0/include/c++/8.3.0;/cvmfs/juno.ihep.ac.cn/centos7_amd64_gcc830/contrib/gcc/8.3.0/include/c++/8.3.0/x86_64-pc-linux-gnu;/cvmfs/juno.ihep.ac.cn/centos7_amd64_gcc830/contrib/gcc/8.3.0/include/c++/8.3.0/backward;/cvmfs/juno.ihep.ac.cn/centos7_amd64_gcc830/contrib/gcc/8.3.0/lib/gcc/x86_64-pc-linux-gnu/8.3.0/include;/usr/local/include;/cvmfs/juno.ihep.ac.cn/centos7_amd64_gcc830/contrib/gcc/8.3.0/include;/cvmfs/juno.ihep.ac.cn/centos7_amd64_gcc830/contrib/gcc/8.3.0/lib/gcc/x86_64-pc-linux-gnu/8.3.0/include-fixed;/usr/include]


Parsed CXX implicit link information from above output:
  link line regex: [^( *|.*[/\])(ld|CMAKE_LINK_STARTFILE-NOTFOUND|([^/\]+-)?ld|collect2)[^/\]*( |$)]
  ignore line: [Change Dir: /home/ihep/LS_Sim/build/CMakeFiles/CMakeTmp]
  ignore line: []
  ignore line: [Run Build Command(s):/usr/bin/gmake -f Makefile cmTC_7ddf4/fast && /usr/bin/gmake  -f CMakeFiles/cmTC_7ddf4.dir/build.make CMakeFiles/cmTC_7ddf4.dir/build]
  ignore line: [gmake[1]: Entering directory `/home/ihep/LS_Sim/build/CMakeFiles/CMakeTmp']
  ignore line: [Building CXX object CMakeFiles/cmTC_7ddf4.dir/CMakeCXXCompilerABI.cpp.o]
  ignore line: [/cvmfs/juno.ihep.ac.cn/centos7_amd64_gcc830/contrib/gcc/8.3.0/bin/g++   -v -o CMakeFiles/cmTC_7ddf4.dir/CMakeCXXCompilerABI.cpp.o -c /cvmfs/juno.ihep.ac.cn/centos7_amd64_gcc830/Pre-Release/J22.1.x/ExternalLibs/Cmake/3.22.1/share/cmake-3.22/Modules/CMakeCXXCompilerABI.cpp]
  ignore line: [Using built-in specs.]
  ignore line: [COLLECT_GCC=/cvmfs/juno.ihep.ac.cn/centos7_amd64_gcc830/contrib/gcc/8.3.0/bin/g++]
  ignore line: [Target: x86_64-pc-linux-gnu]
  ignore line: [Configured with: /cvmfs/juno.ihep.ac.cn/centos7_amd64_gcc830/contrib/gcc/8.3.0/download/gcc-8.3.0/configure --prefix=/cvmfs/juno.ihep.ac.cn/centos7_amd64_gcc830/contrib/gcc/8.3.0 --enable-language=c c++ fortran --disable-multilib]
  ignore line: [Thread model: posix]
  ignore line: [gcc version 8.3.0 (GCC) ]
  ignore line: [COLLECT_GCC_OPTIONS='-v' '-o' 'CMakeFiles/cmTC_7ddf4.dir/CMakeCXXCompilerABI.cpp.o' '-c' '-shared-libgcc' '-mtune=generic' '-march=x86-64']
  ignore line: [ /cvmfs/juno.ihep.ac.cn/centos7_amd64_gcc830/contrib/gcc/8.3.0/libexec/gcc/x86_64-pc-linux-gnu/8.3.0/cc1plus -quiet -v -D_GNU_SOURCE /cvmfs/juno.ihep.ac.cn/centos7_amd64_gcc830/Pre-Release/J22.1.x/ExternalLibs/Cmake/3.22.1/share/cmake-3.22/Modules/CMakeCXXCompilerABI.cpp -quiet -dumpbase CMakeCXXCompilerABI.cpp -mtune=generic -march=x86-64 -auxbase-strip CMakeFiles/cmTC_7ddf4.dir/CMakeCXXCompilerABI.cpp.o -version -o /tmp/ihep/opticks/cclLgQo2.s]
  ignore line: [GNU C++14 (GCC) version 8.3.0 (x86_64-pc-linux-gnu)]
  ignore line: [	compiled by GNU C version 8.3.0  GMP version 6.1.0  MPFR version 3.1.4  MPC version 1.0.3  isl version isl-0.18-GMP]
  ignore line: []
  ignore line: [GGC heuristics: --param ggc-min-expand=100 --param ggc-min-heapsize=131072]
  ignore line: [ignoring nonexistent directory "/cvmfs/juno.ihep.ac.cn/centos7_amd64_gcc830/contrib/gcc/8.3.0/lib/gcc/x86_64-pc-linux-gnu/8.3.0/../../../../x86_64-pc-linux-gnu/include"]
  ignore line: [ignoring nonexistent directory "/home/ihep/juno-cmake-version/JUNOSOFT/ExternalLibs/python-yaml/5.4.1.1/include"]
  ignore line: [ignoring nonexistent directory "/home/ihep/juno-cmake-version/JUNOSOFT/ExternalLibs/talys/1.95/include"]
  ignore line: [ignoring nonexistent directory "/home/ihep/juno-cmake-version/JUNOSOFT/ExternalLibs/CMT/v1r26/include"]
  ignore line: [ignoring nonexistent directory "/home/ihep/juno-cmake-version/JUNOSOFT/ExternalLibs/Cmake/3.22.1/include"]
  ignore line: [ignoring nonexistent directory "/home/ihep/juno-cmake-version/JUNOSOFT/ExternalLibs/python-numpy/1.21.4/include"]
  ignore line: [ignoring nonexistent directory "/home/ihep/juno-cmake-version/JUNOSOFT/ExternalLibs/python-cython/0.29.24/include"]
  ignore line: [ignoring nonexistent directory "/home/ihep/juno-cmake-version/JUNOSOFT/ExternalLibs/python-pip/21.2.4/include"]
  ignore line: [ignoring nonexistent directory "/home/ihep/juno-cmake-version/JUNOSOFT/ExternalLibs/python-setuptools/58.0.4/include"]
  ignore line: [ignoring duplicate directory "/home/ihep/juno-cmake-version/JUNOSOFT/ExternalLibs/frontier/2.9.1/include"]
  ignore line: [ignoring duplicate directory "/home/ihep/juno-cmake-version/JUNOSOFT/ExternalLibs/pacparser/1.3.7/include"]
  ignore line: [ignoring nonexistent directory "/home/ihep/juno-cmake-version/JUNOSOFT/ExternalLibs/python-yaml/5.4.1.1/include"]
  ignore line: [ignoring duplicate directory "/home/ihep/juno-cmake-version/JUNOSOFT/ExternalLibs/libyaml/0.2.4/include"]
  ignore line: [ignoring duplicate directory "/home/ihep/juno-cmake-version/JUNOSOFT/ExternalLibs/mysql-connector-cpp/1.1.12/include"]
  ignore line: [ignoring duplicate directory "/home/ihep/juno-cmake-version/JUNOSOFT/ExternalLibs/mysql-connector-c/6.1.9/include"]
  ignore line: [ignoring duplicate directory "/home/ihep/juno-cmake-version/JUNOSOFT/ExternalLibs/libmore/0.8.3/include"]
  ignore line: [ignoring nonexistent directory "/home/ihep/juno-cmake-version/JUNOSOFT/ExternalLibs/talys/1.95/include"]
  ignore line: [ignoring duplicate directory "/home/ihep/juno-cmake-version/JUNOSOFT/ExternalLibs/nuwro/19.02.2/include"]
  ignore line: [ignoring duplicate directory "/home/ihep/juno-cmake-version/JUNOSOFT/ExternalLibs/genie/3.00.06/include/GENIE"]
  ignore line: [ignoring duplicate directory "/home/ihep/juno-cmake-version/JUNOSOFT/ExternalLibs/genie/3.00.06/include"]
  ignore line: [ignoring duplicate directory "/home/ihep/juno-cmake-version/JUNOSOFT/ExternalLibs/Geant4/10.04.p02.juno/include"]
  ignore line: [ignoring duplicate directory "/home/ihep/juno-cmake-version/JUNOSOFT/ExternalLibs/HepMC/2.06.09/include"]
  ignore line: [ignoring duplicate directory "/home/ihep/juno-cmake-version/JUNOSOFT/ExternalLibs/ROOT/6.24.06/include"]
  ignore line: [ignoring duplicate directory "/home/ihep/juno-cmake-version/JUNOSOFT/ExternalLibs/xrootd/5.3.4/include"]
  ignore line: [ignoring duplicate directory "/home/ihep/juno-cmake-version/JUNOSOFT/ExternalLibs/CLHEP/2.4.1.0/include"]
  ignore line: [ignoring nonexistent directory "/home/ihep/juno-cmake-version/JUNOSOFT/ExternalLibs/CMT/v1r26/include"]
  ignore line: [ignoring duplicate directory "/home/ihep/juno-cmake-version/JUNOSOFT/ExternalLibs/tbb/2020.3/include"]
  ignore line: [ignoring duplicate directory "/home/ihep/juno-cmake-version/JUNOSOFT/ExternalLibs/pythia6/6.4.28/include"]
  ignore line: [ignoring duplicate directory "/home/ihep/juno-cmake-version/JUNOSOFT/ExternalLibs/LHAPDF/6.3.0/include"]
  ignore line: [ignoring duplicate directory "/home/ihep/juno-cmake-version/JUNOSOFT/ExternalLibs/libxml2/2.9.12/include"]
  ignore line: [ignoring duplicate directory "/home/ihep/juno-cmake-version/JUNOSOFT/ExternalLibs/log4cpp/1.1.3/include"]
  ignore line: [ignoring duplicate directory "/home/ihep/juno-cmake-version/JUNOSOFT/ExternalLibs/sqlite3/3.35.5/include"]
  ignore line: [ignoring duplicate directory "/home/ihep/juno-cmake-version/JUNOSOFT/ExternalLibs/fftw3/3.3.8/include"]
  ignore line: [ignoring duplicate directory "/home/ihep/juno-cmake-version/JUNOSOFT/ExternalLibs/gsl/2.5/include"]
  ignore line: [ignoring duplicate directory "/home/ihep/juno-cmake-version/JUNOSOFT/ExternalLibs/Xercesc/3.2.2/include"]
  ignore line: [ignoring nonexistent directory "/home/ihep/juno-cmake-version/JUNOSOFT/ExternalLibs/Cmake/3.22.1/include"]
  ignore line: [ignoring duplicate directory "/home/ihep/juno-cmake-version/JUNOSOFT/ExternalLibs/Boost/1.78.0/include"]
  ignore line: [ignoring nonexistent directory "/home/ihep/juno-cmake-version/JUNOSOFT/ExternalLibs/python-numpy/1.21.4/include"]
  ignore line: [ignoring nonexistent directory "/home/ihep/juno-cmake-version/JUNOSOFT/ExternalLibs/python-cython/0.29.24/include"]
  ignore line: [ignoring nonexistent directory "/home/ihep/juno-cmake-version/JUNOSOFT/ExternalLibs/python-pip/21.2.4/include"]
  ignore line: [ignoring nonexistent directory "/home/ihep/juno-cmake-version/JUNOSOFT/ExternalLibs/python-setuptools/58.0.4/include"]
  ignore line: [ignoring duplicate directory "/home/ihep/juno-cmake-version/JUNOSOFT/ExternalLibs/Python/3.8.12/include"]
  ignore line: [#include "..." search starts here:]
  ignore line: [#include <...> search starts here:]
  ignore line: [ /home/ihep/juno-cmake-version/JUNOSOFT/ExternalLibs/frontier/2.9.1/include]
  ignore line: [ /home/ihep/juno-cmake-version/JUNOSOFT/ExternalLibs/pacparser/1.3.7/include]
  ignore line: [ /home/ihep/juno-cmake-version/JUNOSOFT/ExternalLibs/libyaml/0.2.4/include]
  ignore line: [ /home/ihep/juno-cmake-version/JUNOSOFT/ExternalLibs/mysql-connector-cpp/1.1.12/include]
  ignore line: [ /home/ihep/juno-cmake-version/JUNOSOFT/ExternalLibs/mysql-connector-c/6.1.9/include]
  ignore line: [ /home/ihep/juno-cmake-version/JUNOSOFT/ExternalLibs/libmore/0.8.3/include]
  ignore line: [ /home/ihep/juno-cmake-version/JUNOSOFT/ExternalLibs/nuwro/19.02.2/include]
  ignore line: [ /home/ihep/juno-cmake-version/JUNOSOFT/ExternalLibs/genie/3.00.06/include/GENIE]
  ignore line: [ /home/ihep/juno-cmake-version/JUNOSOFT/ExternalLibs/genie/3.00.06/include]
  ignore line: [ /home/ihep/juno-cmake-version/JUNOSOFT/ExternalLibs/Geant4/10.04.p02.juno/include]
  ignore line: [ /home/ihep/juno-cmake-version/JUNOSOFT/ExternalLibs/HepMC/2.06.09/include]
  ignore line: [ /home/ihep/juno-cmake-version/JUNOSOFT/ExternalLibs/ROOT/6.24.06/include]
  ignore line: [ /home/ihep/juno-cmake-version/JUNOSOFT/ExternalLibs/xrootd/5.3.4/include]
  ignore line: [ /home/ihep/juno-cmake-version/JUNOSOFT/ExternalLibs/CLHEP/2.4.1.0/include]
  ignore line: [ /home/ihep/juno-cmake-version/JUNOSOFT/ExternalLibs/tbb/2020.3/include]
  ignore line: [ /home/ihep/juno-cmake-version/JUNOSOFT/ExternalLibs/pythia6/6.4.28/include]
  ignore line: [ /home/ihep/juno-cmake-version/JUNOSOFT/ExternalLibs/LHAPDF/6.3.0/include]
  ignore line: [ /home/ihep/juno-cmake-version/JUNOSOFT/ExternalLibs/libxml2/2.9.12/include]
  ignore line: [ /home/ihep/juno-cmake-version/JUNOSOFT/ExternalLibs/log4cpp/1.1.3/include]
  ignore line: [ /home/ihep/juno-cmake-version/JUNOSOFT/ExternalLibs/sqlite3/3.35.5/include]
  ignore line: [ /home/ihep/juno-cmake-version/JUNOSOFT/ExternalLibs/fftw3/3.3.8/include]
  ignore line: [ /home/ihep/juno-cmake-version/JUNOSOFT/ExternalLibs/gsl/2.5/include]
  ignore line: [ /home/ihep/juno-cmake-version/JUNOSOFT/ExternalLibs/Xercesc/3.2.2/include]
  ignore line: [ /home/ihep/juno-cmake-version/JUNOSOFT/ExternalLibs/Boost/1.78.0/include]
  ignore line: [ /home/ihep/juno-cmake-version/JUNOSOFT/ExternalLibs/Python/3.8.12/include]
  ignore line: [ .]
  ignore line: [ /cvmfs/juno.ihep.ac.cn/centos7_amd64_gcc830/contrib/gcc/8.3.0/lib/gcc/x86_64-pc-linux-gnu/8.3.0/../../../../include/c++/8.3.0]
  ignore line: [ /cvmfs/juno.ihep.ac.cn/centos7_amd64_gcc830/contrib/gcc/8.3.0/lib/gcc/x86_64-pc-linux-gnu/8.3.0/../../../../include/c++/8.3.0/x86_64-pc-linux-gnu]
  ignore line: [ /cvmfs/juno.ihep.ac.cn/centos7_amd64_gcc830/contrib/gcc/8.3.0/lib/gcc/x86_64-pc-linux-gnu/8.3.0/../../../../include/c++/8.3.0/backward]
  ignore line: [ /cvmfs/juno.ihep.ac.cn/centos7_amd64_gcc830/contrib/gcc/8.3.0/lib/gcc/x86_64-pc-linux-gnu/8.3.0/include]
  ignore line: [ /usr/local/include]
  ignore line: [ /cvmfs/juno.ihep.ac.cn/centos7_amd64_gcc830/contrib/gcc/8.3.0/include]
  ignore line: [ /cvmfs/juno.ihep.ac.cn/centos7_amd64_gcc830/contrib/gcc/8.3.0/lib/gcc/x86_64-pc-linux-gnu/8.3.0/include-fixed]
  ignore line: [ /usr/include]
  ignore line: [End of search list.]
  ignore line: [GNU C++14 (GCC) version 8.3.0 (x86_64-pc-linux-gnu)]
  ignore line: [	compiled by GNU C version 8.3.0  GMP version 6.1.0  MPFR version 3.1.4  MPC version 1.0.3  isl version isl-0.18-GMP]
  ignore line: []
  ignore line: [GGC heuristics: --param ggc-min-expand=100 --param ggc-min-heapsize=131072]
  ignore line: [Compiler executable checksum: e1c99ea4a043ba35cbfacdc8fa746973]
  ignore line: [COLLECT_GCC_OPTIONS='-v' '-o' 'CMakeFiles/cmTC_7ddf4.dir/CMakeCXXCompilerABI.cpp.o' '-c' '-shared-libgcc' '-mtune=generic' '-march=x86-64']
  ignore line: [ as -v --64 -o CMakeFiles/cmTC_7ddf4.dir/CMakeCXXCompilerABI.cpp.o /tmp/ihep/opticks/cclLgQo2.s]
  ignore line: [GNU assembler version 2.27 (x86_64-redhat-linux) using BFD version version 2.27-44.base.el7]
  ignore line: [COMPILER_PATH=/cvmfs/juno.ihep.ac.cn/centos7_amd64_gcc830/contrib/gcc/8.3.0/libexec/gcc/x86_64-pc-linux-gnu/8.3.0/:/cvmfs/juno.ihep.ac.cn/centos7_amd64_gcc830/contrib/gcc/8.3.0/libexec/gcc/x86_64-pc-linux-gnu/8.3.0/:/cvmfs/juno.ihep.ac.cn/centos7_amd64_gcc830/contrib/gcc/8.3.0/libexec/gcc/x86_64-pc-linux-gnu/:/cvmfs/juno.ihep.ac.cn/centos7_amd64_gcc830/contrib/gcc/8.3.0/lib/gcc/x86_64-pc-linux-gnu/8.3.0/:/cvmfs/juno.ihep.ac.cn/centos7_amd64_gcc830/contrib/gcc/8.3.0/lib/gcc/x86_64-pc-linux-gnu/]
  ignore line: [LIBRARY_PATH=/cvmfs/juno.ihep.ac.cn/centos7_amd64_gcc830/contrib/gcc/8.3.0/lib/gcc/x86_64-pc-linux-gnu/8.3.0/:/cvmfs/juno.ihep.ac.cn/centos7_amd64_gcc830/contrib/gcc/8.3.0/lib/gcc/x86_64-pc-linux-gnu/8.3.0/../../../../lib64/:/lib/../lib64/:/usr/lib/../lib64/:/cvmfs/juno.ihep.ac.cn/centos7_amd64_gcc830/contrib/gcc/8.3.0/lib/gcc/x86_64-pc-linux-gnu/8.3.0/../../../:/lib/:/usr/lib/]
  ignore line: [COLLECT_GCC_OPTIONS='-v' '-o' 'CMakeFiles/cmTC_7ddf4.dir/CMakeCXXCompilerABI.cpp.o' '-c' '-shared-libgcc' '-mtune=generic' '-march=x86-64']
  ignore line: [Linking CXX executable cmTC_7ddf4]
  ignore line: [/cvmfs/juno.ihep.ac.cn/centos7_amd64_gcc830/Pre-Release/J22.1.x/ExternalLibs/Cmake/3.22.1/bin/cmake -E cmake_link_script CMakeFiles/cmTC_7ddf4.dir/link.txt --verbose=1]
  ignore line: [/cvmfs/juno.ihep.ac.cn/centos7_amd64_gcc830/contrib/gcc/8.3.0/bin/g++  -v -rdynamic CMakeFiles/cmTC_7ddf4.dir/CMakeCXXCompilerABI.cpp.o -o cmTC_7ddf4 ]
  ignore line: [Using built-in specs.]
  ignore line: [COLLECT_GCC=/cvmfs/juno.ihep.ac.cn/centos7_amd64_gcc830/contrib/gcc/8.3.0/bin/g++]
  ignore line: [COLLECT_LTO_WRAPPER=/cvmfs/juno.ihep.ac.cn/centos7_amd64_gcc830/contrib/gcc/8.3.0/libexec/gcc/x86_64-pc-linux-gnu/8.3.0/lto-wrapper]
  ignore line: [Target: x86_64-pc-linux-gnu]
  ignore line: [Configured with: /cvmfs/juno.ihep.ac.cn/centos7_amd64_gcc830/contrib/gcc/8.3.0/download/gcc-8.3.0/configure --prefix=/cvmfs/juno.ihep.ac.cn/centos7_amd64_gcc830/contrib/gcc/8.3.0 --enable-language=c c++ fortran --disable-multilib]
  ignore line: [Thread model: posix]
  ignore line: [gcc version 8.3.0 (GCC) ]
  ignore line: [COMPILER_PATH=/cvmfs/juno.ihep.ac.cn/centos7_amd64_gcc830/contrib/gcc/8.3.0/libexec/gcc/x86_64-pc-linux-gnu/8.3.0/:/cvmfs/juno.ihep.ac.cn/centos7_amd64_gcc830/contrib/gcc/8.3.0/libexec/gcc/x86_64-pc-linux-gnu/8.3.0/:/cvmfs/juno.ihep.ac.cn/centos7_amd64_gcc830/contrib/gcc/8.3.0/libexec/gcc/x86_64-pc-linux-gnu/:/cvmfs/juno.ihep.ac.cn/centos7_amd64_gcc830/contrib/gcc/8.3.0/lib/gcc/x86_64-pc-linux-gnu/8.3.0/:/cvmfs/juno.ihep.ac.cn/centos7_amd64_gcc830/contrib/gcc/8.3.0/lib/gcc/x86_64-pc-linux-gnu/]
  ignore line: [LIBRARY_PATH=/cvmfs/juno.ihep.ac.cn/centos7_amd64_gcc830/contrib/gcc/8.3.0/lib/gcc/x86_64-pc-linux-gnu/8.3.0/:/cvmfs/juno.ihep.ac.cn/centos7_amd64_gcc830/contrib/gcc/8.3.0/lib/gcc/x86_64-pc-linux-gnu/8.3.0/../../../../lib64/:/lib/../lib64/:/usr/lib/../lib64/:/cvmfs/juno.ihep.ac.cn/centos7_amd64_gcc830/contrib/gcc/8.3.0/lib/gcc/x86_64-pc-linux-gnu/8.3.0/../../../:/lib/:/usr/lib/]
  ignore line: [COLLECT_GCC_OPTIONS='-v' '-rdynamic' '-o' 'cmTC_7ddf4' '-shared-libgcc' '-mtune=generic' '-march=x86-64']
  link line: [ /cvmfs/juno.ihep.ac.cn/centos7_amd64_gcc830/contrib/gcc/8.3.0/libexec/gcc/x86_64-pc-linux-gnu/8.3.0/collect2 -plugin /cvmfs/juno.ihep.ac.cn/centos7_amd64_gcc830/contrib/gcc/8.3.0/libexec/gcc/x86_64-pc-linux-gnu/8.3.0/liblto_plugin.so -plugin-opt=/cvmfs/juno.ihep.ac.cn/centos7_amd64_gcc830/contrib/gcc/8.3.0/libexec/gcc/x86_64-pc-linux-gnu/8.3.0/lto-wrapper -plugin-opt=-fresolution=/tmp/ihep/opticks/ccrrB0V5.res -plugin-opt=-pass-through=-lgcc_s -plugin-opt=-pass-through=-lgcc -plugin-opt=-pass-through=-lc -plugin-opt=-pass-through=-lgcc_s -plugin-opt=-pass-through=-lgcc --eh-frame-hdr -m elf_x86_64 -export-dynamic -dynamic-linker /lib64/ld-linux-x86-64.so.2 -o cmTC_7ddf4 /lib/../lib64/crt1.o /lib/../lib64/crti.o /cvmfs/juno.ihep.ac.cn/centos7_amd64_gcc830/contrib/gcc/8.3.0/lib/gcc/x86_64-pc-linux-gnu/8.3.0/crtbegin.o -L/cvmfs/juno.ihep.ac.cn/centos7_amd64_gcc830/contrib/gcc/8.3.0/lib/gcc/x86_64-pc-linux-gnu/8.3.0 -L/cvmfs/juno.ihep.ac.cn/centos7_amd64_gcc830/contrib/gcc/8.3.0/lib/gcc/x86_64-pc-linux-gnu/8.3.0/../../../../lib64 -L/lib/../lib64 -L/usr/lib/../lib64 -L/cvmfs/juno.ihep.ac.cn/centos7_amd64_gcc830/contrib/gcc/8.3.0/lib/gcc/x86_64-pc-linux-gnu/8.3.0/../../.. CMakeFiles/cmTC_7ddf4.dir/CMakeCXXCompilerABI.cpp.o -lstdc++ -lm -lgcc_s -lgcc -lc -lgcc_s -lgcc /cvmfs/juno.ihep.ac.cn/centos7_amd64_gcc830/contrib/gcc/8.3.0/lib/gcc/x86_64-pc-linux-gnu/8.3.0/crtend.o /lib/../lib64/crtn.o]
    arg [/cvmfs/juno.ihep.ac.cn/centos7_amd64_gcc830/contrib/gcc/8.3.0/libexec/gcc/x86_64-pc-linux-gnu/8.3.0/collect2] ==> ignore
    arg [-plugin] ==> ignore
    arg [/cvmfs/juno.ihep.ac.cn/centos7_amd64_gcc830/contrib/gcc/8.3.0/libexec/gcc/x86_64-pc-linux-gnu/8.3.0/liblto_plugin.so] ==> ignore
    arg [-plugin-opt=/cvmfs/juno.ihep.ac.cn/centos7_amd64_gcc830/contrib/gcc/8.3.0/libexec/gcc/x86_64-pc-linux-gnu/8.3.0/lto-wrapper] ==> ignore
    arg [-plugin-opt=-fresolution=/tmp/ihep/opticks/ccrrB0V5.res] ==> ignore
    arg [-plugin-opt=-pass-through=-lgcc_s] ==> ignore
    arg [-plugin-opt=-pass-through=-lgcc] ==> ignore
    arg [-plugin-opt=-pass-through=-lc] ==> ignore
    arg [-plugin-opt=-pass-through=-lgcc_s] ==> ignore
    arg [-plugin-opt=-pass-through=-lgcc] ==> ignore
    arg [--eh-frame-hdr] ==> ignore
    arg [-m] ==> ignore
    arg [elf_x86_64] ==> ignore
    arg [-export-dynamic] ==> ignore
    arg [-dynamic-linker] ==> ignore
    arg [/lib64/ld-linux-x86-64.so.2] ==> ignore
    arg [-o] ==> ignore
    arg [cmTC_7ddf4] ==> ignore
    arg [/lib/../lib64/crt1.o] ==> obj [/lib/../lib64/crt1.o]
    arg [/lib/../lib64/crti.o] ==> obj [/lib/../lib64/crti.o]
    arg [/cvmfs/juno.ihep.ac.cn/centos7_amd64_gcc830/contrib/gcc/8.3.0/lib/gcc/x86_64-pc-linux-gnu/8.3.0/crtbegin.o] ==> obj [/cvmfs/juno.ihep.ac.cn/centos7_amd64_gcc830/contrib/gcc/8.3.0/lib/gcc/x86_64-pc-linux-gnu/8.3.0/crtbegin.o]
    arg [-L/cvmfs/juno.ihep.ac.cn/centos7_amd64_gcc830/contrib/gcc/8.3.0/lib/gcc/x86_64-pc-linux-gnu/8.3.0] ==> dir [/cvmfs/juno.ihep.ac.cn/centos7_amd64_gcc830/contrib/gcc/8.3.0/lib/gcc/x86_64-pc-linux-gnu/8.3.0]
    arg [-L/cvmfs/juno.ihep.ac.cn/centos7_amd64_gcc830/contrib/gcc/8.3.0/lib/gcc/x86_64-pc-linux-gnu/8.3.0/../../../../lib64] ==> dir [/cvmfs/juno.ihep.ac.cn/centos7_amd64_gcc830/contrib/gcc/8.3.0/lib/gcc/x86_64-pc-linux-gnu/8.3.0/../../../../lib64]
    arg [-L/lib/../lib64] ==> dir [/lib/../lib64]
    arg [-L/usr/lib/../lib64] ==> dir [/usr/lib/../lib64]
    arg [-L/cvmfs/juno.ihep.ac.cn/centos7_amd64_gcc830/contrib/gcc/8.3.0/lib/gcc/x86_64-pc-linux-gnu/8.3.0/../../..] ==> dir [/cvmfs/juno.ihep.ac.cn/centos7_amd64_gcc830/contrib/gcc/8.3.0/lib/gcc/x86_64-pc-linux-gnu/8.3.0/../../..]
    arg [CMakeFiles/cmTC_7ddf4.dir/CMakeCXXCompilerABI.cpp.o] ==> ignore
    arg [-lstdc++] ==> lib [stdc++]
    arg [-lm] ==> lib [m]
    arg [-lgcc_s] ==> lib [gcc_s]
    arg [-lgcc] ==> lib [gcc]
    arg [-lc] ==> lib [c]
    arg [-lgcc_s] ==> lib [gcc_s]
    arg [-lgcc] ==> lib [gcc]
    arg [/cvmfs/juno.ihep.ac.cn/centos7_amd64_gcc830/contrib/gcc/8.3.0/lib/gcc/x86_64-pc-linux-gnu/8.3.0/crtend.o] ==> obj [/cvmfs/juno.ihep.ac.cn/centos7_amd64_gcc830/contrib/gcc/8.3.0/lib/gcc/x86_64-pc-linux-gnu/8.3.0/crtend.o]
    arg [/lib/../lib64/crtn.o] ==> obj [/lib/../lib64/crtn.o]
  collapse obj [/lib/../lib64/crt1.o] ==> [/lib64/crt1.o]
  collapse obj [/lib/../lib64/crti.o] ==> [/lib64/crti.o]
  collapse obj [/lib/../lib64/crtn.o] ==> [/lib64/crtn.o]
  collapse library dir [/cvmfs/juno.ihep.ac.cn/centos7_amd64_gcc830/contrib/gcc/8.3.0/lib/gcc/x86_64-pc-linux-gnu/8.3.0] ==> [/cvmfs/juno.ihep.ac.cn/centos7_amd64_gcc830/contrib/gcc/8.3.0/lib/gcc/x86_64-pc-linux-gnu/8.3.0]
  collapse library dir [/cvmfs/juno.ihep.ac.cn/centos7_amd64_gcc830/contrib/gcc/8.3.0/lib/gcc/x86_64-pc-linux-gnu/8.3.0/../../../../lib64] ==> [/cvmfs/juno.ihep.ac.cn/centos7_amd64_gcc830/contrib/gcc/8.3.0/lib64]
  collapse library dir [/lib/../lib64] ==> [/lib64]
  collapse library dir [/usr/lib/../lib64] ==> [/usr/lib64]
  collapse library dir [/cvmfs/juno.ihep.ac.cn/centos7_amd64_gcc830/contrib/gcc/8.3.0/lib/gcc/x86_64-pc-linux-gnu/8.3.0/../../..] ==> [/cvmfs/juno.ihep.ac.cn/centos7_amd64_gcc830/contrib/gcc/8.3.0/lib]
  implicit libs: [stdc++;m;gcc_s;gcc;c;gcc_s;gcc]
  implicit objs: [/lib64/crt1.o;/lib64/crti.o;/cvmfs/juno.ihep.ac.cn/centos7_amd64_gcc830/contrib/gcc/8.3.0/lib/gcc/x86_64-pc-linux-gnu/8.3.0/crtbegin.o;/cvmfs/juno.ihep.ac.cn/centos7_amd64_gcc830/contrib/gcc/8.3.0/lib/gcc/x86_64-pc-linux-gnu/8.3.0/crtend.o;/lib64/crtn.o]
  implicit dirs: [/cvmfs/juno.ihep.ac.cn/centos7_amd64_gcc830/contrib/gcc/8.3.0/lib/gcc/x86_64-pc-linux-gnu/8.3.0;/cvmfs/juno.ihep.ac.cn/centos7_amd64_gcc830/contrib/gcc/8.3.0/lib64;/lib64;/usr/lib64;/cvmfs/juno.ihep.ac.cn/centos7_amd64_gcc830/contrib/gcc/8.3.0/lib]
  implicit fwks: []


Determining if the include file pthread.h exists passed with the following output:
Change Dir: /home/ihep/LS_Sim/build/CMakeFiles/CMakeTmp

Run Build Command(s):/usr/bin/gmake -f Makefile cmTC_413af/fast && /usr/bin/gmake  -f CMakeFiles/cmTC_413af.dir/build.make CMakeFiles/cmTC_413af.dir/build
gmake[1]: Entering directory `/home/ihep/LS_Sim/build/CMakeFiles/CMakeTmp'
Building C object CMakeFiles/cmTC_413af.dir/CheckIncludeFile.c.o
/cvmfs/juno.ihep.ac.cn/centos7_amd64_gcc830/contrib/gcc/8.3.0/bin/gcc    -o CMakeFiles/cmTC_413af.dir/CheckIncludeFile.c.o -c /home/ihep/LS_Sim/build/CMakeFiles/CMakeTmp/CheckIncludeFile.c
Linking C executable cmTC_413af
/cvmfs/juno.ihep.ac.cn/centos7_amd64_gcc830/Pre-Release/J22.1.x/ExternalLibs/Cmake/3.22.1/bin/cmake -E cmake_link_script CMakeFiles/cmTC_413af.dir/link.txt --verbose=1
/cvmfs/juno.ihep.ac.cn/centos7_amd64_gcc830/contrib/gcc/8.3.0/bin/gcc -rdynamic CMakeFiles/cmTC_413af.dir/CheckIncludeFile.c.o -o cmTC_413af 
gmake[1]: Leaving directory `/home/ihep/LS_Sim/build/CMakeFiles/CMakeTmp'



Determining if the function pthread_create exists in the pthread passed with the following output:
Change Dir: /home/ihep/LS_Sim/build/CMakeFiles/CMakeTmp

Run Build Command(s):/usr/bin/gmake -f Makefile cmTC_515df/fast && /usr/bin/gmake  -f CMakeFiles/cmTC_515df.dir/build.make CMakeFiles/cmTC_515df.dir/build
gmake[1]: Entering directory `/home/ihep/LS_Sim/build/CMakeFiles/CMakeTmp'
Building C object CMakeFiles/cmTC_515df.dir/CheckFunctionExists.c.o
/cvmfs/juno.ihep.ac.cn/centos7_amd64_gcc830/contrib/gcc/8.3.0/bin/gcc   -DCHECK_FUNCTION_EXISTS=pthread_create -o CMakeFiles/cmTC_515df.dir/CheckFunctionExists.c.o -c /cvmfs/juno.ihep.ac.cn/centos7_amd64_gcc830/Pre-Release/J22.1.x/ExternalLibs/Cmake/3.22.1/share/cmake-3.22/Modules/CheckFunctionExists.c
Linking C executable cmTC_515df
/cvmfs/juno.ihep.ac.cn/centos7_amd64_gcc830/Pre-Release/J22.1.x/ExternalLibs/Cmake/3.22.1/bin/cmake -E cmake_link_script CMakeFiles/cmTC_515df.dir/link.txt --verbose=1
/cvmfs/juno.ihep.ac.cn/centos7_amd64_gcc830/contrib/gcc/8.3.0/bin/gcc  -DCHECK_FUNCTION_EXISTS=pthread_create -rdynamic CMakeFiles/cmTC_515df.dir/CheckFunctionExists.c.o -o cmTC_515df  -lpthread 
gmake[1]: Leaving directory `/home/ihep/LS_Sim/build/CMakeFiles/CMakeTmp'



